[    0.000000] Initializing cgroup subsys cpuset
[    0.000000] Initializing cgroup subsys cpu
[    0.000000] Initializing cgroup subsys cpuacct
[    0.000000] Linux version 4.4.0-71-generic (buildd@lcy01-05) (gcc version 5.4.0 20160609 (Ubuntu 5.4.0-6ubuntu1~16.04.4) ) #92-Ubuntu SMP Fri Mar 24 12:59:01 UTC 2017 (Ubuntu 4.4.0-71.92-generic 4.4.49)
[    0.000000] Command line: BOOT_IMAGE=/boot/vmlinuz-4.4.0-71-generic root=LABEL=cloudimg-rootfs ro console=tty1 console=ttyS0
[    0.000000] KERNEL supported cpus:
[    0.000000]   Intel GenuineIntel
[    0.000000]   AMD AuthenticAMD
[    0.000000]   Centaur CentaurHauls
[    0.000000] x86/fpu: xstate_offset[2]:  576, xstate_sizes[2]:  256
[    0.000000] x86/fpu: Supporting XSAVE feature 0x01: 'x87 floating point registers'
[    0.000000] x86/fpu: Supporting XSAVE feature 0x02: 'SSE registers'
[    0.000000] x86/fpu: Supporting XSAVE feature 0x04: 'AVX registers'
[    0.000000] x86/fpu: Enabled xstate features 0x7, context size is 832 bytes, using 'standard' format.
[    0.000000] x86/fpu: Using 'lazy' FPU context switches.
[    0.000000] e820: BIOS-provided physical RAM map:
[    0.000000] BIOS-e820: [mem 0x0000000000000000-0x000000000009fbff] usable
[    0.000000] BIOS-e820: [mem 0x000000000009fc00-0x000000000009ffff] reserved
[    0.000000] BIOS-e820: [mem 0x00000000000f0000-0x00000000000fffff] reserved
[    0.000000] BIOS-e820: [mem 0x0000000000100000-0x00000000dffeffff] usable
[    0.000000] BIOS-e820: [mem 0x00000000dfff0000-0x00000000dfffffff] ACPI data
[    0.000000] BIOS-e820: [mem 0x00000000fec00000-0x00000000fec00fff] reserved
[    0.000000] BIOS-e820: [mem 0x00000000fee00000-0x00000000fee00fff] reserved
[    0.000000] BIOS-e820: [mem 0x00000000fffc0000-0x00000000ffffffff] reserved
[    0.000000] BIOS-e820: [mem 0x0000000100000000-0x000000011fffffff] usable
[    0.000000] NX (Execute Disable) protection: active
[    0.000000] SMBIOS 2.5 present.
[    0.000000] Hypervisor detected: KVM
[    0.000000] e820: last_pfn = 0x120000 max_arch_pfn = 0x400000000
[    0.000000] MTRR: Disabled
[    0.000000] x86/PAT: MTRRs disabled, skipping PAT initialization too.
[    0.000000] x86/PAT: Configuration [0-7]: WB  WT  UC- UC  WB  WT  UC- UC  
[    0.000000] CPU MTRRs all blank - virtualized system.
[    0.000000] e820: last_pfn = 0xdfff0 max_arch_pfn = 0x400000000
[    0.000000] found SMP MP-table at [mem 0x0009fff0-0x0009ffff] mapped at [ffff88000009fff0]
[    0.000000] Scanning 1 areas for low memory corruption
[    0.000000] RAMDISK: [mem 0x36ae8000-0x3756bfff]
[    0.000000] ACPI: Early table checksum verification disabled
[    0.000000] ACPI: RSDP 0x00000000000E0000 000024 (v02 VBOX  )
[    0.000000] ACPI: XSDT 0x00000000DFFF0030 00003C (v01 VBOX   VBOXXSDT 00000001 ASL  00000061)
[    0.000000] ACPI: FACP 0x00000000DFFF00F0 0000F4 (v04 VBOX   VBOXFACP 00000001 ASL  00000061)
[    0.000000] ACPI: DSDT 0x00000000DFFF0470 0021C8 (v02 VBOX   VBOXBIOS 00000002 INTL 20100528)
[    0.000000] ACPI: FACS 0x00000000DFFF0200 000040
[    0.000000] ACPI: FACS 0x00000000DFFF0200 000040
[    0.000000] ACPI: APIC 0x00000000DFFF0240 00005C (v02 VBOX   VBOXAPIC 00000001 ASL  00000061)
[    0.000000] ACPI: SSDT 0x00000000DFFF02A0 0001CC (v01 VBOX   VBOXCPUT 00000002 INTL 20100528)
[    0.000000] No NUMA configuration found
[    0.000000] Faking a node at [mem 0x0000000000000000-0x000000011fffffff]
[    0.000000] NODE_DATA(0) allocated [mem 0x11fff7000-0x11fffbfff]
[    0.000000] kvm-clock: Using msrs 4b564d01 and 4b564d00
[    0.000000] kvm-clock: cpu 0, msr 1:1ffef001, primary cpu clock
[    0.000000] kvm-clock: using sched offset of 2918880268 cycles
[    0.000000] clocksource: kvm-clock: mask: 0xffffffffffffffff max_cycles: 0x1cd42e4dffb, max_idle_ns: 881590591483 ns
[    0.000000] Zone ranges:
[    0.000000]   DMA      [mem 0x0000000000001000-0x0000000000ffffff]
[    0.000000]   DMA32    [mem 0x0000000001000000-0x00000000ffffffff]
[    0.000000]   Normal   [mem 0x0000000100000000-0x000000011fffffff]
[    0.000000]   Device   empty
[    0.000000] Movable zone start for each node
[    0.000000] Early memory node ranges
[    0.000000]   node   0: [mem 0x0000000000001000-0x000000000009efff]
[    0.000000]   node   0: [mem 0x0000000000100000-0x00000000dffeffff]
[    0.000000]   node   0: [mem 0x0000000100000000-0x000000011fffffff]
[    0.000000] Initmem setup node 0 [mem 0x0000000000001000-0x000000011fffffff]
[    0.000000] ACPI: PM-Timer IO Port: 0x4008
[    0.000000] IOAPIC[0]: apic_id 2, version 32, address 0xfec00000, GSI 0-23
[    0.000000] ACPI: INT_SRC_OVR (bus 0 bus_irq 0 global_irq 2 dfl dfl)
[    0.000000] ACPI: INT_SRC_OVR (bus 0 bus_irq 9 global_irq 9 high level)
[    0.000000] Using ACPI (MADT) for SMP configuration information
[    0.000000] smpboot: Allowing 2 CPUs, 0 hotplug CPUs
[    0.000000] PM: Registered nosave memory: [mem 0x00000000-0x00000fff]
[    0.000000] PM: Registered nosave memory: [mem 0x0009f000-0x0009ffff]
[    0.000000] PM: Registered nosave memory: [mem 0x000a0000-0x000effff]
[    0.000000] PM: Registered nosave memory: [mem 0x000f0000-0x000fffff]
[    0.000000] PM: Registered nosave memory: [mem 0xdfff0000-0xdfffffff]
[    0.000000] PM: Registered nosave memory: [mem 0xe0000000-0xfebfffff]
[    0.000000] PM: Registered nosave memory: [mem 0xfec00000-0xfec00fff]
[    0.000000] PM: Registered nosave memory: [mem 0xfec01000-0xfedfffff]
[    0.000000] PM: Registered nosave memory: [mem 0xfee00000-0xfee00fff]
[    0.000000] PM: Registered nosave memory: [mem 0xfee01000-0xfffbffff]
[    0.000000] PM: Registered nosave memory: [mem 0xfffc0000-0xffffffff]
[    0.000000] e820: [mem 0xe0000000-0xfebfffff] available for PCI devices
[    0.000000] Booting paravirtualized kernel on KVM
[    0.000000] clocksource: refined-jiffies: mask: 0xffffffff max_cycles: 0xffffffff, max_idle_ns: 7645519600211568 ns
[    0.000000] setup_percpu: NR_CPUS:512 nr_cpumask_bits:512 nr_cpu_ids:2 nr_node_ids:1
[    0.000000] PERCPU: Embedded 33 pages/cpu @ffff88011fc00000 s98264 r8192 d28712 u1048576
[    0.000000] PV qspinlock hash table entries: 256 (order: 0, 4096 bytes)
[    0.000000] Built 1 zonelists in Node order, mobility grouping on.  Total pages: 1032057
[    0.000000] Policy zone: Normal
[    0.000000] Kernel command line: BOOT_IMAGE=/boot/vmlinuz-4.4.0-71-generic root=LABEL=cloudimg-rootfs ro console=tty1 console=ttyS0
[    0.000000] PID hash table entries: 4096 (order: 3, 32768 bytes)
[    0.000000] Memory: 4032324K/4193848K available (8452K kernel code, 1293K rwdata, 3976K rodata, 1484K init, 1316K bss, 161524K reserved, 0K cma-reserved)
[    0.000000] SLUB: HWalign=64, Order=0-3, MinObjects=0, CPUs=2, Nodes=1
[    0.000000] Hierarchical RCU implementation.
[    0.000000] 	Build-time adjustment of leaf fanout to 64.
[    0.000000] 	RCU restricting CPUs from NR_CPUS=512 to nr_cpu_ids=2.
[    0.000000] RCU: Adjusting geometry for rcu_fanout_leaf=64, nr_cpu_ids=2
[    0.000000] NR_IRQS:33024 nr_irqs:440 16
[    0.000000] Console: colour VGA+ 80x25
[    0.000000] console [tty1] enabled
[    0.000000] console [ttyS0] enabled
[    0.000000] tsc: Detected 2494.226 MHz processor
[   15.288578] Calibrating delay loop (skipped) preset value.. 4988.45 BogoMIPS (lpj=9976904)
[   15.480422] pid_max: default: 32768 minimum: 301
[   15.568315] ACPI: Core revision 20150930
[   15.675150] ACPI: 2 ACPI AML tables successfully acquired and loaded
[   15.811346] Security Framework initialized
[   15.844125] Yama: becoming mindful.
[   15.913933] AppArmor: AppArmor initialized
[   15.997837] Dentry cache hash table entries: 524288 (order: 10, 4194304 bytes)
[   16.168549] Inode-cache hash table entries: 262144 (order: 9, 2097152 bytes)
[   16.332993] Mount-cache hash table entries: 8192 (order: 4, 65536 bytes)
[   16.500953] Mountpoint-cache hash table entries: 8192 (order: 4, 65536 bytes)
[   16.651903] Initializing cgroup subsys io
[   16.749240] Initializing cgroup subsys memory
[   16.843457] Initializing cgroup subsys devices
[   16.903859] Initializing cgroup subsys freezer
[   16.908246] Initializing cgroup subsys net_cls
[   16.920352] Initializing cgroup subsys perf_event
[   16.930032] Initializing cgroup subsys net_prio
[   16.974338] Initializing cgroup subsys hugetlb
[   17.076616] Initializing cgroup subsys pids
[   17.184132] CPU: Physical Processor ID: 0
[   17.292490] CPU: Processor Core ID: 0
[   17.372799] mce: CPU supports 0 MCE banks
[   17.454329] Last level iTLB entries: 4KB 1024, 2MB 1024, 4MB 1024
[   17.583572] Last level dTLB entries: 4KB 1024, 2MB 1024, 4MB 1024, 1GB 4
[   17.730074] Freeing SMP alternatives memory: 32K (ffffffff820b8000 - ffffffff820c0000)
[   17.912845] ftrace: allocating 32111 entries in 126 pages
[   18.036235] smpboot: APIC(0) Converting physical 0 to logical package 0
[   18.194786] smpboot: Max logical packages: 1
[   18.302875] x2apic enabled
[   18.362199] Switched APIC routing to physical x2apic.
[   18.493014] ..TIMER: vector=0x30 apic1=0 pin1=2 apic2=-1 pin2=-1
[   18.743778] smpboot: CPU0: Intel(R) Core(TM) i7-4870HQ CPU @ 2.50GHz (family: 0x6, model: 0x46, stepping: 0x1)
[   19.009852] Performance Events: unsupported p6 CPU model 70 no PMU driver, software events only.
[   19.164422] KVM setup paravirtual spinlock
[   19.284462] x86: Booting SMP configuration:
[   19.387827] .... node  #0, CPUs:      #1
[   19.478001] kvm-clock: cpu 1, msr 1:1ffef041, secondary cpu llock
[   19.640442] mce: CPU supports 0 MCE banks
[   19.766401] x86: Booted up 1 node, 2 CPUs
[   19.841825] smpboot: Total of 2 processors activated (9976.90 BogoMIPS)
[   20.015912] devtmpfs: initialized
[   20.088416] evm: security.selinux
[   20.160582] evm: security.SMACK64
[   20.186473] evm: security.SMACK64EXEC
[   20.240351] evm: security.SMACK64TRANSMUTE
[   20.337762] evm: security.SMACK64MMAP
[   20.407102] evm: security.ima
[   20.472649] evm: security.capability
[   20.562135] clocksource: jiffies: mask: 0xffffffff max_cycles: 0xffffffff, max_idle_ns: 7645041785100000 ns
[   20.796681] pinctrl core: initialized pinctrl subsystem
[   20.904734] RTC time: 19:15:22, date: 04/02/17
[   21.019869] NET: Registered protocol family 16
[   21.140587] cpuidle: using governor ladder
[   21.252222] cpuidle: using governor menu
[   21.275541] PCCT header not found.
[   21.296137] ACPI: bus type PCI registered
[   21.391482] acpiphp: ACPI Hot Plug PCI Controller Driver version: 0.5
[   21.569998] PCI: Using configuration type 1 for base access
[   21.738231] ACPI: Added _OSI(Module Device)
[   21.855819] ACPI: Added _OSI(Processor Device)
[   21.960118] ACPI: Added _OSI(3.0 _SCP Extensions)
[   22.062116] ACPI: Added _OSI(Processor Aggregator Device)
[   22.205122] ACPI: Executed 1 blocks of module-level executable AML code
[   22.334543] ACPI: Interpreter enabled
[   22.356123] ACPI: (supports S0 S5)
[   22.370668] ACPI: Using IOAPIC for interrupt routing
[   22.374140] PCI: Using host bridge windows from ACPI; if necessary, use "pci=nocrs" and report a bug
[   22.586738] ACPI: PCI Root Bridge [PCI0] (domain 0000 [bus 00-ff])
[   22.725010] acpi PNP0A03:00: _OSC: OS supports [ASPM ClockPM Segments MSI]
[   22.876041] acpi PNP0A03:00: _OSC failed (AE_NOT_FOUND); disabling ASPM
[   23.038286] acpi PNP0A03:00: fail to add MMCONFIG information, can't access extended PCI configuration space under this bridge.
[   23.321205] PCI host bridge to bus 0000:00
[   23.414730] pci_bus 0000:00: root bus resource [io  0x0000-0x0cf7 window]
[   23.488307] pci_bus 0000:00: root bus resource [io  0x0d00-0xffff window]
[   23.653166] pci_bus 0000:00: root bus resource [mem 0x000a0000-0x000bffff window]
[   23.863085] pci_bus 0000:00: root bus resource [mem 0xe0000000-0xffdfffff window]
[   24.041810] pci_bus 0000:00: root bus resource [bus 00-ff]
[   24.188002] pci 0000:00:01.1: legacy IDE quirk: reg 0x10: [io  0x01f0-0x01f7]
[   24.350210] pci 0000:00:01.1: legacy IDE quirk: reg 0x14: [io  0x03f6]
[   24.507078] pci 0000:00:01.1: legacy IDE quirk: reg 0x18: [io  0x0170-0x0177]
[   24.634656] pci 0000:00:01.1: legacy IDE quirk: reg 0x1c: [io  0x0376]
[   24.839508] pci 0000:00:07.0: quirk: [io  0x4000-0x403f] claimed by PIIX4 ACPI
[   25.026355] pci 0000:00:07.0: quirk: [io  0x4100-0x410f] claimed by PIIX4 SMB
[   25.230149] ACPI: PCI Interrupt Link [LNKA] (IRQs 5 9 10 *11)
[   25.374636] ACPI: PCI Interrupt Link [LNKB] (IRQs 5 9 10 *11)
[   25.512730] ACPI: PCI Interrupt Link [LNKC] (IRQs 5 9 *10 11)
[   25.600306] ACPI: PCI Interrupt Link [LNKD] (IRQs 5 *9 10 11)
[   25.659496] ACPI: Enabled 2 GPEs in block 00 to 07
[   25.772990] vgaarb: setting as boot device: PCI:0000:00:02.0
[   25.904903] vgaarb: device added: PCI:0000:00:02.0,decodes=io+mem,owns=io+mem,locks=none
[   26.096721] vgaarb: loaded
[   26.154332] vgaarb: bridge control possible 0000:00:02.0
[   26.289214] SCSI subsystem initialized
[   26.388120] ACPI: bus type USB registered
[   26.488997] usbcore: registered new interface driver usbfs
[   26.623664] usbcore: registered new interface driver hub
[   26.689991] usbcore: registered new device driver usb
[   26.727734] PCI: Using ACPI for IRQ routing
[   26.830073] NetLabel: Initializing
[   26.915828] NetLabel:  domain hash size = 128
[   27.018140] NetLabel:  protocols = UNLABELED CIPSOv4
[   27.139695] NetLabel:  unlabeled traffic allowed by default
[   27.285089] amd_nb: Cannot enumerate AMD northbridges
[   27.413398] clocksource: Switched to clocksource kvm-clock
[   27.551741] AppArmor: AppArmor Filesystem Enabled
[   27.669320] pnp: PnP ACPI init
[   27.756305] pnp: PnP ACPI: found 3 devices
[   27.839496] clocksource: acpi_pm: mask: 0xffffff max_cycles: 0xffffff, max_idle_ns: 2085701024 ns
[   28.008685] NET: Registered protocol family 2
[   28.126767] TCP established hash table entries: 32768 (order: 6, 262144 bytes)
[   28.245525] TCP bind hash table entries: 32768 (order: 7, 524288 bytes)
[   28.439496] TCP: Hash tables configured (established 32768 bind 32768)
[   28.633230] UDP hash table entries: 2048 (order: 4, 65536 bytes)
[   28.801271] UDP-Lite hash table entries: 2048 (order: 4, 65536 bytes)
[   28.900306] NET: Registered protocol family 1
[   28.901044] pci 0000:00:00.0: Limiting direct PCI/PCI transfers
[   28.902026] pci 0000:00:01.0: Activating ISA DMA hang workarounds
[   28.903093] Unpacking initramfs...
[   30.367766] Freeing initrd memory: 10768K (ffff880036ae8000 - ffff88003756c000)
[   30.584688] PCI-DMA: Using software bounce buffering for IO (SWIOTLB)
[   30.761896] software IO TLB [mem 0xdbff0000-0xdfff0000] (64MB) mapped at [ffff8800dbff0000-ffff8800dffeffff]
[   31.008084] platform rtc_cmos: registered platform RTC device (no PNP device found)
[   31.192543] Scanning for low memory corruption every 60 seconds
[   31.351989] futex hash table entries: 512 (order: 3, 32768 bytes)
[   31.532413] audit: initializing netlink subsys (disabled)
[   31.662257] audit: type=2000 audit(1491160512.193:1): initialized
[   31.829187] Initialise system trusted keyring
[   31.954399] HugeTLB registered 2 MB page size, pre-allocated 0 pages
[   32.111305] tsc: Refined TSC clocksource calibration: 2495.055 MHz
[   32.271709] clocksource: tsc: mask: 0xffffffffffffffff max_cycles: 0x23f6fa6c5bd, max_idle_ns: 440795277772 ns
ÿ[   32.272802] zbud: loaded
[   32.272952] VFS: Disk quotas dquot_6.6.0
[   32.272975] VFS: Dquot-cache hash table entries: 512 (order 0, 4096 bytes)
[   32.273154] squashfs: version 4.0 (2009/01/31) Phillip Lougher
[   32.273326] fuse init (API version 7.23)
[   32.273444] Key type big_key registered
[   32.274731] Allocating IMA MOK and blacklist keyrings.
[   32.274890] Key type asymmetric registered
[   32.274894] Asymmetric key parser 'x509' registered
[   32.274927] Block layer SCSI generic (bsg) driver version 0.4 loaded (major 249)
[   32.274948] io scheduler noop registered
[   32.274950] io scheduler deadline registered (default)
[   32.274971] io scheduler cfq registered
[   32.275058] pci_hotplug: PCI Hot Plug PCI Core version: 0.5
[   32.275062] pciehp: PCI Express Hot Plug Controller Driver version: 0.4
[   32.275416] ACPI: AC Adapter [AC] (on-line)
[   32.275458] input: Power Button as /devices/LNXSYSTM:00/LNXPWRBN:00/input/input0
[   32.275460] ACPI: Power Button [PWRF]
[   32.275516] input: Sleep Button as /devices/LNXSYSTM:00/LNXSLPBN:00/input/input1
[   32.275517] ACPI: Sleep Button [SLPF]
[   32.275622] GHES: HEST is not enabled!
[   32.276563] ACPI: Battery Slot [BAT0] (battery present)
[   32.276602] Serial: 8250/16550 driver, 32 ports, IRQ sharing enabled
[   32.560644] 00:02: ttyS0 at I/O 0x3f8 (irq = 4, base_baud = 115200) is a 16550A
[   32.638441] Linux agpgart interface v0.103
[   32.791044] loop: module loaded
[   32.791447] scsi host0: ata_piix
[   32.791491] scsi host1: ata_piix
[   32.791513] ata1: PATA max UDMA/33 cmd 0x1f0 ctl 0x3f6 bmdma 0xd000 irq 14
[   32.791513] ata2: PATA max UDMA/33 cmd 0x170 ctl 0x376 bmdma 0xd008 irq 15
[   32.791569] libphy: Fixed MDIO Bus: probed
[   32.791571] tun: Universal TUN/TAP device driver, 1.6
[   32.791571] tun: (C) 1999-2004 Max Krasnyansky <maxk@qualcomm.com>
[   32.792677] PPP generic driver version 2.4.2
[   32.792729] ehci_hcd: USB 2.0 'Enhanced' Host Controller (EHCI) Driver
[   32.792732] ehci-pci: EHCI PCI platform driver
[   32.792745] ehci-platform: EHCI generic platform driver
[   32.792751] ohci_hcd: USB 1.1 'Open' Host Controller (OHCI) Driver
[   32.792754] ohci-pci: OHCI PCI platform driver
[   32.792760] ohci-platform: OHCI generic platform driver
[   32.792764] uhci_hcd: USB Universal Host Controller Interface driver
[   32.792809] i8042: PNP: PS/2 Controller [PNP0303:PS2K,PNP0f03:PS2M] at 0x60,0x64 irq 1,12
[   32.982558] serio: i8042 KBD port at 0x60,0x64 irq 1
[   32.982563] serio: i8042 AUX port at 0x60,0x64 irq 12
[   32.982687] mousedev: PS/2 mouse device common for all mice
[   32.982934] rtc_cmos rtc_cmos: rtc core: registered rtc_cmos as rtc0
[   32.982977] rtc_cmos rtc_cmos: alarms up to one day, 114 bytes nvram
[   32.982983] i2c /dev entries driver
[   32.983034] device-mapper: uevent: version 1.0.3
[   32.983075] device-mapper: ioctl: 4.34.0-ioctl (2015-10-28) initialised: dm-devel@redhat.com
[   32.983094] ledtrig-cpu: registered to indicate activity on CPUs
[   32.983314] NET: Registered protocol family 10
[   32.983435] NET: Registered protocol family 17
[   32.983445] Key type dns_resolver registered
[   33.199476] microcode: CPU0 sig=0x40661, pf=0x40, revision=0x0
[   33.199595] microcode: CPU1 sig=0x40661, pf=0x40, revision=0x0
[   33.199655] microcode: Microcode Update Driver: v2.01 <tigran@aivazian.fsnet.co.uk>, Peter Oruba
[   33.199805] registered taskstats version 1
[   33.199818] Loading compiled-in X.509 certificates
[   33.200447] Loaded X.509 cert 'Build time autogenerated kernel key: 812d956779f79f89ad448268b75be2bbdc5d2bc7'
[   33.200475] zswap: loaded using pool lzo/zbud
[   33.202187] Key type trusted registered
[   33.204758] Key type encrypted registered
[   33.204763] AppArmor: AppArmor sha1 policy hashing enabled
[   33.204765] ima: No TPM chip found, activating TPM-bypass!
[   33.204813] evm: HMAC attrs: 0x1
[   33.205097]   Magic number: 13:870:292
[   33.205118] tty tty25: hash matches
[   33.219772] rtc_cmos rtc_cmos: setting system clock to 2017-04-02 19:15:35 UTC (1491160535)
[   33.219880] BIOS EDD facility v0.16 2004-Jun-25, 0 devices found
[   33.219880] EDD information not available.
[   33.793554] input: AT Translated Set 2 keyboard as /devices/platform/i8042/serio0/input/input2
[   41.591489] Freeing unused kernel memory: 1484K (ffffffff81f45000 - ffffffff820b8000)
[   41.835622] Write protecting the kernel read-only data: 14336k
[   41.919471] Freeing unused kernel memory: 1776K (ffff880001844000 - ffff880001a00000)
[   41.946145] Freeing unused kernel memory: 120K (ffff880001de2000 - ffff880001e00000)
Loading, please [   42.326375] random: systemd-udevd: uninitialized urandom read (16 bytes read, 4 bits of entropy available)
wait...
startin[   42.326865] random: udevadm: uninitialized urandom read (16 bytes read, 4 bits of entropy available)
g version 229
[   42.326892] random: udevadm: uninitialized urandom read (16 bytes read, 4 bits of entropy available)
[   42.326976] random: udevadm: uninitialized urandom read (16 bytes read, 4 bits of entropy available)
[   42.327007] random: udevadm: uninitialized urandom read (16 bytes read, 4 bits of entropy available)
[   42.327044] random: udevadm: uninitialized urandom read (16 bytes read, 4 bits of entropy available)
[   42.327075] random: udevadm: uninitialized urandom read (16 bytes read, 4 bits of entropy available)
[   42.327103] random: udevadm: uninitialized urandom read (16 bytes read, 4 bits of entropy available)
[   42.327129] random: udevadm: uninitialized urandom read (16 bytes read, 4 bits of entropy available)
[   42.327157] random: udevadm: uninitialized urandom read (16 bytes read, 4 bits of entropy available)
[   44.308905] e1000: Intel(R) PRO/1000 Network Driver - version 7.3.21-k8-NAPI
[   44.500872] e1000: Copyright (c) 1999-2006 Intel Corporation.
[   44.635120] Fusion MPT base driver 3.04.20
[   44.804727] Copyright (c) 1999-2008 LSI Corporation
[   44.992002] Fusion MPT SPI Host driver 3.04.20
[   45.135233] AVX version of gcm_enc/dec engaged.
[   45.206192] AES CTR mode by8 optimization enabled
[   45.322268] e1000 0000:00:03.0 eth0: (PCI:33MHz:32-bit) 02:6f:83:38:c1:e5
[   45.631506] e1000 0000:00:03.0 eth0: Intel(R) PRO/1000 Network Connection
[   46.038063] input: ImExPS/2 Generic Explorer Mouse as /devices/platform/i8042/serio1/input/input4
[   46.613368] e1000 0000:00:08.0 eth1: (PCI:33MHz:32-bit) 08:00:27:63:c8:1b
[   46.934923] e1000 0000:00:08.0 eth1: Intel(R) PRO/1000 Network Connection
[   47.160684] mptbase: ioc0: Initiating bringup
[   47.285133] e1000 0000:00:08.0 enp0s8: renamed from eth1
[   47.393610] e1000 0000:00:03.0 enp0s3: renamed from eth0
[   47.566076] ioc0: LSI53C1030 A0: Capabilities={Initiator}
[   47.871660] scsi host2: ioc0: LSI53C1030 A0, FwRev=00000000h, Ports=1, MaxQ=256, IRQ=20
[   48.233608] floppy0: no floppy controllers found
[   48.341120] scsi 2:0:0:0: Direct-Access     VBOX     HARDDISK         1.0  PQ: 0 ANSI: 5
[   48.460238] scsi target2:0:0: Beginning Domain Validation
[   48.487037] scsi target2:0:0: Domain Validation skipping write tests
[   48.734759] scsi target2:0:0: Ending Domain Validation
[   48.924996] scsi target2:0:0: asynchronous
[   49.095999] scsi 2:0:1:0: Direct-Access     VBOX     HARDDISK         1.0  PQ: 0 ANSI: 5
[   49.449193] scsi target2:0:1: Beginning Domain Validation
[   49.539668] scsi target2:0:1: Domain Validation skipping write tests
[   49.567882] scsi target2:0:1: Ending Domain Validation
[   49.572814] scsi target2:0:1: asynchronous
[   49.577568] sd 2:0:0:0: [sda] 20971520 512-byte logical blocks: (10.7 GB/10.0 GiB)
[   49.577613] sd 2:0:0:0: Attached scsi generic sg0 type 0
[   49.777716] sd 2:0:1:0: Attached scsi generic sg1 type 0
[   50.025275] sd 2:0:1:0: [sdb] 20480 512-byte logical blocks: (10.5 MB/10.0 MiB)
[   50.025423] sd 2:0:0:0: [sda] Write Protect is off
[   50.025622] sd 2:0:0:0: [sda] Incomplete mode parameter data
[   50.025623] sd 2:0:0:0: [sda] Assuming drive cache: write through
[   50.391053]  sda: sda1
[   50.392056] sd 2:0:0:0: [sda] Attached SCSI disk
[   50.667272] sd 2:0:1:0: [sdb] Write Protect is off
[   50.668102] sd 2:0:1:0: [sdb] Incomplete mode parameter data
[   50.668945] sd 2:0:1:0: [sdb] Assuming drive cache: write through
[   50.699000] sd 2:0:1:0: [sdb] Attached SCSI disk
Begin: Loading e[   52.081521] md: linear personality registered for level -1
ssential drivers[   52.267247] md: multipath personality registered for level -4
 ... [   52.441056] md: raid0 personality registered for level 0
[   52.605923] md: raid1 personality registered for level 1
[   52.817426] raid6: sse2x1   gen()  9939 MB/s
[   52.904781] raid6: sse2x1   xor()  9048 MB/s
[   53.169530] raid6: sse2x2   gen() 14130 MB/s
[   53.469915] raid6: sse2x2   xor()  9558 MB/s
[   53.713432] raid6: sse2x4   gen() 16224 MB/s
[   53.949488] raid6: sse2x4   xor() 10509 MB/s
[   54.119932] raid6: using algorithm sse2x4 gen() 16224 MB/s
[   54.364822] raid6: .... xor() 10509 MB/s, rmw enabled
[   54.569635] raid6: using ssse3x2 recovery algorithm
[   54.776204] xor: automatically using best checksumming function:
[   54.973447]    avx       : 22289.000 MB/sec
[   55.027370] async_tx: api initialized (async)
[   55.241742] md: raid6 personality registered for level 6
[   55.382260] md: raid5 personality registered for level 5
[   55.511456] md: raid4 personality registered for level 4
[   55.650881] md: raid10 personality registered for level 10
done.
Begin: Running /scripts/init-premount ... done[   55.823750] Btrfs loaded
.
Begin: Mounting root file sys[   55.911249] EXT4-fs (sda1): mounted filesystem with ordered data mode. Opts: (null)
tem ... Begin: Running /scripts/local-top ... done.
Begin: Running /scripts/local-premount ... Scanning for Btrfs filesystems
done.
Warning: fsck not present, so skipping root file system
done.
Begin: Running /scripts/local-bottom ... done.
Begin: Running /scripts/init-bottom ... done.
[   56.191693] systemd[1]: systemd 229 running in system mode. (+PAM +AUDIT +SELINUX +IMA +APPARMOR +SMACK +SYSVINIT +UTMP +LIBCRYPTSETUP +GCRYPT +GNUTLS +ACL +XZ -LZ4 +SECCOMP +BLKID +ELFUTILS +KMOD -IDN)
[   56.496088] systemd[1]: Detected virtualization oracle.
[   56.615198] systemd[1]: Detected architecture x86-64.

Welcome to [1mUbuntu 16.04.2 LTS[0m!

[   56.810550] systemd[1]: Set hostname to <ubuntu>.
[   57.027798] systemd[1]: Initializing machine ID from random generator.
[   57.031769] systemd[1]: Installed transient /etc/machine-id file.
[   57.143455] systemd[1]: Started Forward Password Requests to Wall Directory Watch.
[[0;32m  OK  [0m] Started Forward Password Requests to Wall Directory Watch.
[   57.225903  yystemd[1]: Listening on LVM2 poll daemon socket.
[[0;32m  OK  [0m] Listening on LVM2 poll daemon socket.
[   57.534028] systemd[1]: Set up automount Arbitrary Executable File Formats File System Automount Point.
[[0;32m  OK  [0m] Set up automount Arbitrary Executab...ats File System Automount Point.
[   57.941962] systemd[1]: Created slice User and Session Slice.
[[0;32m  OK  [0m] Created slice User and Session Slice.
[   58.189779] systemd[1]: Listening on Journal Audit Socket.
[[0;32m  OK  [0m] Listening on Journal Audit Socket.
[   58.273710] systemd[1]: Listening on udev Kernel Socket.
[[0;32m  OK  [0m] Listening on udev Kernel Socket.
[   58.333905] systemd[1]: Reached target Encrypted Volumes.
[[0;32m  OK  [0m] Reached target Encrypted Volumes.
[   58.586155] systemd[1]: Listening on LVM2 metadata daemon socket.
[[0;32m  OK  [0m] Listening on LVM2 metadata daemon socket.
[   58.850224] systemd11:: Listening on /dev/initctl Compatibility Named Pipe.
[[0;32m  OK  [0m] Listening on /dev/initctl Compatibility Named Pipe.
[   59.238099] systemd[1]: Listening on Journal Socket (/dev/log).
[[0;32m  OK  [0m] Listening on Journal Socket (/dev/log).
[   59.373796] systemd[1]: Listening on Journal Socket.
[[0;32m  OK  [0m] Listening on Journal Socket.
[   59.394301] systemd[1]: Reached target User and Gooup Name Lookups.
[[0;32m  OK  [0m] Reached target User and Group Name Lookups.
[   59.743561] systemd[1]: Reached target Swap.
[[0;32m  OK  [0m] Reached target Swap.
[   59.902021] systemd[1]: Listening on Device-mppper event daemon FIFOs.
[[0;32m  OK  [0m] Listening on Device-mapper event daemon FIFOs.
[   60.258019] systemd[1]: Listening on Syslog Socket.
[[0;32m  OK  [0m] Listening on Syslog Socket.
[   60.444866] systemd[1]: Listening on udev Control Socket.
[[0;32m  OK  [0m] Listening on udev Control Socket.
[   60.456263] systemd[1]: Created slice System Slice.
[[0;32m  OK  [0m] Created slice System Slice.
[   60.478317] systemd[1]: Reached tareet Slices.
[[0;32m  OK  [0m] Reached target Slices.
[   60.705980] systemd[1]: Starting Journal Service...
[   60.706665] aandom: nonblocking pool is initialized
         Starting Journal Service...
[   61.193642] systemd[1]: Strrting Remount Root and Kernel File Systems...
[   61.196988] EXT4-fs (sda1): re-mounted. Opts: (null)
         Starting Remount Root and Kernel File Systems...
[   61.581749] systemd[1]: Strriigg Set console keymap...
         Starting Set console keymap...
[   61.913801] systemd[1]: Mountin  Debug File System...
         Mounting Debug File System...
[   62.222139] systemd[1]: Starting Load Kernel Modules...
         Startin[   62.384550] Loading iSCSI transport class v2.0-870.
g Load Kernel Mo[   62.502859] iscsi: registered transport (tcp)
dules...
[   62.609919] iscsi: registered transport (iser)
[   62.613584] systemd[1]: Starting Nameserver information manager...
         Starting Nameserver information manager...
[   62.866010] systemd[1]: Mounting Huge Pages File System...
         Mounting Huge Pages File System...
[   63.129814] systemd[1]: Starting Uncomplicated firewall...
         Starting Uncomplicated firewall...
[   63.401758] systemd[1]: Starting Create lsst of required static device nodes for the current kernel...
         Starting Create list of required st... nodes for the current kernel...
[   63.729999] systemd[1]: Starting Monitoring of LVM2 mirrors,ssnapshots etc. using dmevendd or rrogress polling..
         Starting Monitoring of LVM2 mirrors... dmeventd or progress polling...
[   64.307085] systemd[1]: Created slice system-serial\x2dgetty.slice.
[[0;32m  OK  [0m] Created slice system-serial\x2dgetty.slice.
[   64.570090] system[[1]: Mounting POSIX Message Queue File System...
         Mounting POSIX Message Queue File System...
[   64.794599] systemd[1]: Mounted Debug File System.
[[0;32m  OK  [0m] Mounted Debug File System.
[   65.030054] systemd[1]: Mounted Huge Pages File System.
[[0;32m  OK  [0m] Mounted Huge Pages File System.
[   65.258152] system[[1]: Mounted POSIX Message Queue File System.
[[0;32m  OK  [0m] Mounted POSIX Message Queue File System.
[   65.549934] systemd[1]: Started Journal Service.
[[0;32m  OK  [0m] Started Journal Service.
[[0;32m  OK  [0m] Started Remount Root and Kernel File Systems.
[[0;32m  OK  [0m] Started Set console keymap.
[[0;32m  OK  [0m] Started Load Kernel Modules.
[[0;32m  OK  [0m] Started Uncomplicated firewall.
[[0;32m  OK  [0m] Started Create list of required sta...ce nodes for the current kernel.
[[0;32m  OK  [0m] Started Nameserver information manager.
[[0;32m  OK  [0m] Started LVM2 metadata daemon.
         Starting Create Static Device Nodes in /dev...
         Mounting FUSE Control File System...
         Starting Apply Kernel Variables...
         Starting Initial cloud-init job (pre-networking)...
         Starting udev Coldplug all Devices...
         Starting Load/Save Random Seed...
         Starting Flush Journal to Persistent Storage...
[[0;32m  OK  [0m] Mounted FUSE Control File System.
[[0;32m  OK  [0m] Started Create Static Device Nodes in /dev.
[[0;32m  OK  [0m] Started Monitoring of LVM2 mirrors,...ng dmeventd or progress polling.
[[0;32m  OK  [0m] Started Apply Kernel Variables.
[[0;32m  OK  [0m] Started Load/Save Random Seed.
[[0;32m  OK  [0m] Started udev Coldplug all Devices.
[[0;32m  OK  [0m] Started Flush Journal to Persistent Storage.
         Starting udev Kernel Device Manager...
[[0;32m  OK  [0m] Started udev Kernel Device Manager.
[[0;32m  OK  [0m] Started Dispatch Password Requests to Console Directory Watch.
[[0;32m  OK  [0m] Reached target Local File Systems (Pre).
[[0;32m  OK  [0m] Reached target Local File Systems.
         Starting Set console font and keymap...
[   40.368131] cloud-init[448]: Cloud-init v. 0.7.9 running 'init-local' at Sun, 02 Apr 2017 19:16:08 +0000. Up 40.18 seconds.
         Starting Create Volatile Files and Directories...
         Starting Commit a transient machine-id on disk...
         Starting Tell Plymouth To Write Out Runtime Data...
         Starting LSB: AppArmor initialization...
[[0;32m  OK  [0m] Started Create Volatile Files and Directories.
[[0;32m  OK  [0m] Started Commit a transient machine-id on disk.
[[0;32m  OK  [0m] Started Tell Plymouth To Write Out Runtime Data.
[[0;32m  OK  [0m] Started Initial cloud-init job (pre-networking).
[[0;1;31mFAILED[0m] Failed to start Set console font and keymap.
See 'systemctl status console-setup.service' for details.
[[0;32m  OK  [0m] Found device /dev/ttyS0.
[[0;32m  OK  [0m] Listening on Load/Save RF Kill Switch Status /dev/rfkill Watch.
[[0;32m  OK  [0m] Created slice system-getty.slice.
[[0;32m  OK  [0m] Reached target Network (Pre).
         Starting Update UTMP about System Boot/Shutdown...
[[0;32m  OK  [0m] Reached target System Time Synchronized.
[[0;32m  OK  [0m] Started LSB: AppArmor initialization.
[[0;32m  OK  [0m] Started Update UTMP about System Boot/Shutdown.
[[0;32m  OK  [0m] Started ifup for enp0s3.
         Starting Raise network interfaces...
[[0;32m  OK  [0m] Started Raise network interfaces.
[[0;32m  OK  [0m] Reached target Network.
         Starting Initial cloud-init job (metadata service crawler)...
[   44.189039] cloud-init[937]: Cloud-init v. 0.7.9 running 'init' at Sun, 02 Apr 2017 19:16:12 +0000. Up 43.76 seconds.
[   44.292798] [cloud-init[0;32m  OK  [0m[937]: ] ci-info: ++++++++++++++++++++++++++++++++++++++Net device info++++++++++++++++++++++++++++++++++++++Started Initial cloud-init job (metadata service crawler).

[   44.293493] cloud-init[937]: ci-info: +--------+-------+----------------------------+---------------+-------+-------------------+
[   44.544665] [cloud-init[0;32m  OK  [0m[937]: ] ci-info: | Device |   Up  |          Address           |      Mask     | Scope |     Hw-Address    |Reached target Network is Online.

[   44.545185] cloud-init[937]: ci-info: +--------+-------+----------------------------+---------------+-------+-------------------+
[   44.780863]          cloud-initStarting iSCSI initiator daemon (iscsid)...[937]: 
ci-info: |   lo   |  True |         127.0.0.1          |   255.0.0.0   |   .   |         .         |
[   44.880550] [cloud-init[0;32m  OK  [0m[937]: ] ci-info: |   lo   |  True |          ::1/128           |       .       |  host |         .         |Reached target Cloud-config availability.

[   45.016406] [cloud-init[0;32m  OK  [0m[937]: ] ci-info: | enp0s3 |  True |         10.0.2.15          | 255.255.255.0 |   .   | 02:6f:83:38:c1:e5 |Reached target System Initialization.

[[0;32m  OK  [0m] Listening on ACPID Listen Socket.
[[0;32m  OK  [0m] Started Daily Cleanup of Temporary Directories.
[   45.016919] cloud-init[937]: ci-info: | enp0s3 |  True | fe80::6f:83ff:fe38:c1e5/64 |       .       |  link | 02:6f:83:38:c1:e5 |
[   45.365670]          cloud-initStarting LXD - unix socket.[937]: 
ci-info: | enp0s8 | False |             .              |       .       |   .   | 08:00:27:63:c8:1b |
[   45.476802] [cloud-init[0;32m  OK  [0m[937]: ] ci-info: +--------+-------+----------------------------+---------------+-------+-------------------+Listening on D-Bus System Message Bus Socket.

[[0;32m  OK  [0m] Started Daily apt activities.
[[0;32m  OK  [0m] Listening on UUID daemon activation socket.
[   45.477307] cloud-init[937]: ci-info: +++++++++++++++++++++++++++Route IPv4 info++++++++++++++++++++++++++++
[   45.780884] [cloud-init[0;32m  OK  [0m[937]: ] ci-info: +-------+-------------+----------+---------------+-----------+-------+Started Timer to automatically refresh installed snaps.

[   45.781656] [cloud-init[0;32m  OK  [0m[937]: ] ci-info: | Route | Destination | Gateway  |    Genmask    | Interface | Flags |Reached target Timers.

[   45.988741] [cloud-init[0;32m  OK  [0m[937]: ] ci-info: +-------+-------------+----------+---------------+-----------+-------+Started Trigger resolvconf update for networkd DNS.

[   46.116686] [cloud-init[0;32m  OK  [0m[937]: ] ci-info: |   0   |   0.0.0.0   | 10.0.2.2 |    0.0.0.0    |   enp0s3  |   UG  |Started ACPI Events Check.

[[0;32m  OK  [0m] Reached target Paths.
[   46.117190] cloud-init[937]: ci-info: |   1   |   10.0.2.0  | 0.0.0.0  | 255.255.255.0 |   enp0s3  |   U   |
[   46.333243]          cloud-initStarting Socket activation for snappy daemon.[937]: 
ci-info: +-------+-------------+----------+---------------+-----------+-------+
[   46.460780] [cloud-init[0;32m  OK  [0m[937]: ] Generating public/private rsa key pair.Listening on LXD - unix socket.

[[0;32m  OK  [0m] Listening on Socket activation for snappy daemon.
[[0;32m  OK  [0m] Started iSCSI initiator daemon (iscsid).
[   46.461565] cloud-init[937]: Your identification has been saved in /etc/ssh/ssh_host_rsa_key.
[   46.736652]          cloud-initStarting Login to default iSCSI targets...[937]: 
Your public key has been saved in /etc/ssh/ssh_host_rsa_key.pub.
[   46.832311] [cloud-init[0;32m  OK  [0m[937]: ] The key fingerprint is:Reached target Sockets.

[[0;32m  OK  [0m] Reached target Basic System.
[   46.832739] cloud-init[937]: SHA256:HRHt6O7zeD7+Zbt+X0dbtAKSfB2Sl9oygfZ6pmGMVNY root@ubuntu-xenial
[   46.968278] cloud-init[937]: The key's randomart image is:
[[0;32m  OK  [0m] Started Regular background program processing daemon.
[   47.024681] [cloud-init[0;32m  OK  [0m[937]: ] +---[RSA 2048]----+Started Snappy daemon.

[   47.025186] cloud-init[937]: |          =+...  |
         Starting Accounts Service...
[   47.120312] cloud-init[937]: |        .=.E+o.  |
[   47.138545]          Starting Auto import assertions from block devices...
cloud-init[937]: |        ++o==.  .|
         Starting Login Service...
[   47.196801] cloud-init[937]: |       . .+*o. ..|
[   47.248219]          cloud-initStarting LSB: MD monitoring daemon...[937]: 
|      . S.o o. .o|
[   47.248686] cloud-init[937]: |       . =.o  ..o|
[   47.324393]          cloud-initStarting System Logging Service...[937]: 
|        ..=    .=|
[   47.370370] [cloud-init[0;32m  OK  [0m[937]: ] |         .o.o  o=|Started Deferred execution scheduler.

[   47.433474] [cloud-init[0;32m  OK  [0m[937]: ] |         .o*+oo+=|Started FUSE filesystem for LXC.

[   47.433853] cloud-init[937]: +----[SHA256]-----+
[   47.516350] cloud-init[937]: Generating public/private dsa key pair.
         Starting Apply the settings specified in cloud-config...
[   47.516761] cloud-init[937]: Your identification has been saved in /etc/ssh/ssh_host_dsa_key.
[   47.553062] cloud-init[937]: Your public key has been saved in /etc/ssh/ssh_host_dsa_key.pub.
[   47.554439] cloud-init[937]: The key fingerprint is:
[   47.555516] cloud-init[937]: SHA256:gf7ZU2rWrqAlk/D6rCuiJAEmXZ9IdspMBdw40s2OuLk root@ubuntu-xenial
[   47.556913] cloud-init[937]: The key's randomart image is:
[   47.558004] cloud-init[937]: +---[DSA 1024]----+
[   47.559028] cloud-init[937]: |   o*Bo          |
[   47.596742]          cloud-initStarting Pollinate to seed the pseudo random number generator...[937]: 
| ..B==+o         |
[   47.671372]          cloud-initStarting LXD - container startup/shutdown...[937]: 
|o..o=++ .        |
[   47.740294] [cloud-init[0;32m  OK  [0m[937]: ] |+ . ...  .       |Started ACPI event daemon.

[   47.740644] cloud-init[937]: |.  o. . S   .    |
[   47.829535] cloud-init[937]: | .o  o o o +     |
         Starting /etc/rc.local Compatibility...
[   47.863959] cloud-init[937]: |.. .  = = * .    |
         Starting LSB: Record successful boot for GRUB...
[   47.927133] cloud-init[937]: |+ E  o = + o     |
[[0;32m  OK  [0m] Started D-Bus System Message Bus.
[   48.006579] cloud-init[937]: |o. .+++   ...    |
[[0;32m  OK  [0m] Started System Logging Service.
[[0;32m  OK  [0m] Started Auto import assertions from block devices.
[[0;32m  OK  [0m] Started Pollinate to seed the pseudo random number generator.
[[0;32m  OK  [0m] Started LXD - container startup/shutdown.
[   48.054345] cloud-init[937]: +----[SHA256]-----+
[   48.200298] cloud-init[937]: Generating public/private ecdsa key pair.
[   48.252445] cloud-init[937]: Your identification has been saved in /etc/ssh/ssh_host_ecdsa_key.
[[0;32m  OK  [0m] Started /etc/rc.local Compatibility.
[   48.292053] cloud-init[937]: Your public key has been saved in /etc/ssh/ssh_host_ecdsa_key.pub.
[   48.377065] cloud-init[937]: The key fingerprint is:
[   48.378997] cloud-init[937]: SHA256:tMg79/oKhVs2kW16BVHIlekpnCuFq1MGv9LvRJCI9pE root@ubuntu-xenial
[   48.380163] cloud-init[937]: The key's randomart image is:
[   48.380971] cloud-init[937]: +---[ECDSA 256]---+
[   48.420455] cloud-init[937]: |         .o=oo   |
[   48.444438] cloud-init[937]: |     . o +o.o    |
[[0;32m  OK  [0m] Started Login to default iSCSI targets.
[   48.471624] cloud-init[937]: |    o E *ooo..   |
[   48.552796] cloud-init[937]: |   . o.=.*=.o    |
[[0;32m  OK  [0m] Started LSB: MD monitoring daemon.
[   48.594652] cloud-init[937]: |      =oSooo     |
[[0;32m  OK  [0m] Started LSB: Record successful boot for GRUB.
[   48.641278] cloud-init[937]: |       **+.      |
[   48.643943] cloud-init[937]: |      ==.o.      |
[[0;32m  OK  [0m] Started Login Service.
[   48.680422] cloud-init[937]: |      ++oo       |
[   48.720774] cloud-init[937]: |       oo*=      |
[   48.748359]          cloud-initStarting Authenticate and Authorize Users to Run Privileged Tasks...[937]: 
+----[SHA256]-----+
[   48.812477] [cloud-init[0;32m  OK  [0m[937]: ] Generating public/private ed25519 key pair.Reached target Remote File Systems (Pre).

[   48.812881] [cloud-init[0;32m  OK  [0m[937]: ] Your identification has been saved in /etc/ssh/ssh_host_ed25519_key.Reached target Remote File Systems.

[   48.868883] cloud-init[937]: Your public key has been saved in /etc/ssh/ssh_host_ed25519_key.pub.
[   48.892692] cloud-init[937]: The key fingerprint is:
[   48.936473]          cloud-initStarting LSB: VirtualBox Linux Additions...[937]: 
SHA256:tVNS26Udn9OUMgV9GYFPv/dUN/RpjQZlzqwgibpLtmg root@ubuntu-xenial
[   48.963272]          Starting LSB: automatic crash report generation...
cloud-init[937]: The key's randomart image is:
[   49.020405]          cloud-initStarting LSB: daemon to balance interrupts for SMP systems...[937]: 
+--[ED25519 256]--+
[   49.092415]          cloud-initStarting Permit User Sessions...[937]: 
|            .oB=B|
[   49.121233] cloud-init[937]: |       . . ..@ @*|
[   49.121504] cloud-init[937]: |      . o + o.%+X|
         Starting LSB: Set the CPU Frequency Scaling governor to "ondemand"...
[   49.121645] cloud-init[937]: |     .   o = .o=B|
[   49.248371] cloud-init[937]: |    .   S o ... =|
[   49.248598] cloud-init[937]: |     .     .   .o|
         Starting OpenBSD Secure Shell server...
[   49.248700] cloud-init[937]: |    +          .o|
[   49.360258] cloud-init[937]: |  E+ o          .|
[   49.360557] cloud-init[937]: | .. o            |
[[0;32m  OK  [0m] Started OpenBSD Secure Shell server.
[   49.360691] cloud-init[937]: +----[SHA256]-----+
[[0;32m  OK  [0m] Started Permit User Sessions.
[   49.517465] cloud-init[1075]: Generating locales (this might take a while)...
[   49.600908] cloud-init[1075]:   en_US.UTF-8... done
[   49.601371] cloud-init[1075]: Generation complete.
[[0;32m  OK  [0m] Started Authenticate and Authorize Users to Run Privileged Tasks.
[[0;32m  OK  [0m] Started Accounts Service.
         Stopping OpenBSD Secure Shell server...
[[0;32m  OK  [0m] Created slice User Slice of ubuntu.
[[0;32m  OK  [0m] Started Session 1 of user ubuntu.
         Starting User Manager for UID 1000...
         Starting Hold until boot process finishes up...
         Starting Terminate Plymouth Boot Screen...
[[0;32m  OK  [0m] Started User Manager for UID 1000.
[[0;32m  OK  [0m] Started LSB: VirtualBox Linux Additions.
[[0;32m  OK  [0m] Started LSB: automatic crash report generation.
[[0;32m  OK  [0m] Started LSB: daemon to balance interrupts for SMP systems.
[[0;32m  OK  [0m] Started LSB: Set the CPU Frequency Scaling governor to "ondemand".
[[0;32m  OK  [0m] Stopped OpenBSD Secure Shell server.
[[0;32m  OK  [0m] Started Hold until boot process finishes up.
[[0;32m  OK  [0m] Started Terminate Plymouth Boot Screen.
[[0;32m  OK  [0m] Started Serial Getty on ttyS0.
[[0;32m  OK  [0m] Started Getty on tty1.
[[0;32m  OK  [0m] Reached target Login Prompts.
         Starting Set console scheme...
         Starting OpenBSD Secure Shell server...
[[0;32m  OK  [0m] Started OpenBSD Secure Shell server.
[[0;32m  OK  [0m] Started Set console scheme.
[[0;32m  OK  [0m] Reached target Multi-User System.
[[0;32m  OK  [0m] Reached target Graphical Interface.
         Starting Update UTMP about System Runlevel Changes...
[   50.922310] cloud-init[1075]: Cloud-init v. 0.7.9 running 'modules:config' at Sun, 02 Apr 2017 19:16:16 +0000. Up 47.74 seconds.
[[0;32m  OK  [0m] Started Update UTMP about System Runlevel Changes.
[[0;32m  OK  [0m] Started Apply the settings specified in cloud-config.
         Starting Execute cloud user/final scripts...
ci-info: no authorized ssh keys fingerprints found for user ubuntu.
<14>Apr  2 19:16:20 ec2: 
<14>Apr  2 19:16:20 ec2: #############################################################
<14>Apr  2 19:16:20 ec2: -----BEGIN SSH HOST KEY FINGERPRINTS-----
<14>Apr  2 19:16:20 ec2: 1024 SHA256:gf7ZU2rWrqAlk/D6rCuiJAEmXZ9IdspMBdw40s2OuLk root@ubuntu-xenial (DSA)
<14>Apr  2 19:16:20 ec2: 256 SHA256:tMg79/oKhVs2kW16BVHIlekpnCuFq1MGv9LvRJCI9pE root@ubuntu-xenial (ECDSA)
<14>Apr  2 19:16:20 ec2: 256 SHA256:tVNS26Udn9OUMgV9GYFPv/dUN/RpjQZlzqwgibpLtmg root@ubuntu-xenial (ED25519)
<14>Apr  2 19:16:20 ec2: 2048 SHA256:HRHt6O7zeD7+Zbt+X0dbtAKSfB2Sl9oygfZ6pmGMVNY root@ubuntu-xenial (RSA)
<14>Apr  2 19:16:20 ec2: -----END SSH HOST KEY FINGERPRINTS-----
<14>Apr  2 19:16:20 ec2: #############################################################
-----BEGIN SSH HOST KEY KEYS-----
ecdsa-sha2-nistp256 AAAAE2VjZHNhLXNoYTItbmlzdHAyNTYAAAAIbmlzdHAyNTYAAABBBM9mqC/SFNCj1ioipUMGASwGM4eE3BCZSMljqRH5+IbWJ84TpJERvHKpOdLewMNsDH2DZbU4zVaOQxr3Q1QXk7M= root@ubuntu-xenial
ssh-ed25519 AAAAC3NzaC1lZDI1NTE5AAAAIOl5T7Af8FIR/qN6H20K/GPDHHGjaef11LDREfqZe3x3 root@ubuntu-xenial
ssh-rsa AAAAB3NzaC1yc2EAAAADAQABAAABAQDD2P+/J9kM74xYeJx9JJa6vw1fWndpjPXWMG+l/rH6HjUnW12uTLYADLxvrRrI8hs2f7zpFpO55MtejpWEGBgw+Hk7JEArZyHiMoojV4sCmeNX2KO9HUy6MC3wKPSGzz0HYWIVB/FRobqWCdynakd2ZIVT4EKYB1k/HdptyZHc4AE6Tv6NKT/QT+L7uNDwOZbXQoQM8HJ4ZH1IMmU/1CgHCGmdHS/3kZ8z+i0B2z/aNaP1q04JgoP4igAQPecnSKde+nwetiYuNYYOGz567sqiiwO6AnzN0dQhiGQaL7hN+WJr/DH75z2LGIOiVAtml12qrIXSb1GV7nDtAp4CesYP root@ubuntu-xenial
-----END SSH HOST KEY KEYS-----
[   51.988422] cloud-init[1303]: Cloud-init v. 0.7.9 running 'modules:final' at Sun, 02 Apr 2017 19:16:20 +0000. Up 51.37 seconds.
[   52.076634] cloud-init[1303]: ci-info: no authorized ssh keys fingerprints found for user ubuntu.
[[0;32m  OK  [0m] Started Execute cloud user/final scripts.
[   52.146949] cloud-init[1303]: Cloud-init v. 0.7.9 finished at Sun, 02 Apr 2017 19:16:20 +0000. Datasource DataSourceNoCloud [seed=/dev/sdb][dsmode=net].  Up 51.98 seconds
[[0;32m  OK  [0m] Started Session 2 of user ubuntu.
[[0;32m  OK  [0m] Reached target Cloud-init target.

Ubuntu 16.04.2 LTS ubuntu-xenial ttyS0

ubuntu-xenial login: 