[    0.000000] Initializing cgroup subsys cpuset
[    0.000000] Initializing cgroup subsys cpu
[    0.000000] Initializing cgroup subsys cpuacct
[    0.000000] Linux version 4.4.0-71-generic (buildd@lcy01-05) (gcc version 5.4.0 20160609 (Ubuntu 5.4.0-6ubuntu1~16.04.4) ) #92-Ubuntu SMP Fri Mar 24 12:59:01 UTC 2017 (Ubuntu 4.4.0-71.92-generic 4.4.49)
[    0.000000] Command line: BOOT_IMAGE=/boot/vmlinuz-4.4.0-71-generic root=LABEL=cloudimg-rootfs ro console=tty1 console=ttyS0
[    0.000000] KERNEL supported cpus:
[    0.000000]   Intel GenuineIntel
[    0.000000]   AMD AuthenticAMD
[    0.000000]   Centaur CentaurHauls
[    0.000000] x86/fpu: xstate_offset[2]:  576, xstate_sizes[2]:  256
[    0.000000] x86/fpu: Supporting XSAVE feature 0x01: 'x87 floating point registers'
[    0.000000] x86/fpu: Supporting XSAVE feature 0x02: 'SSE registers'
[    0.000000] x86/fpu: Supporting XSAVE feature 0x04: 'AVX registers'
[    0.000000] x86/fpu: Enabled xstate features 0x7, context size is 832 bytes, using 'standard' format.
[    0.000000] x86/fpu: Using 'lazy' FPU context switches.
[    0.000000] e820: BIOS-provided physical RAM map:
[    0.000000] BIOS-e820: [mem 0x0000000000000000-0x000000000009fbff] usable
[    0.000000] BIOS-e820: [mem 0x000000000009fc00-0x000000000009ffff] reserved
[    0.000000] BIOS-e820: [mem 0x00000000000f0000-0x00000000000fffff] reserved
[    0.000000] BIOS-e820: [mem 0x0000000000100000-0x00000000dffeffff] usable
[    0.000000] BIOS-e820: [mem 0x00000000dfff0000-0x00000000dfffffff] ACPI data
[    0.000000] BIOS-e820: [mem 0x00000000fec00000-0x00000000fec00fff] reserved
[    0.000000] BIOS-e820: [mem 0x00000000fee00000-0x00000000fee00fff] reserved
[    0.000000] BIOS-e820: [mem 0x00000000fffc0000-0x00000000ffffffff] reserved
[    0.000000] BIOS-e820: [mem 0x0000000100000000-0x000000011fffffff] usable
[    0.000000] NX (Execute Disable) protection: active
[    0.000000] SMBIOS 2.5 present.
[    0.000000] Hypervisor detected: KVM
[    0.000000] e820: last_pfn = 0x120000 max_arch_pfn = 0x400000000
[    0.000000] MTRR: Disabled
[    0.000000] x86/PAT: MTRRs disabled, skipping PAT initialization too.
[    0.000000] x86/PAT: Configuration [0-7]: WB  WT  UC- UC  WB  WT  UC- UC  
[    0.000000] CPU MTRRs all blank - virtualized system.
[    0.000000] e820: last_pfn = 0xdfff0 max_arch_pfn = 0x400000000
[    0.000000] found SMP MP-table at [mem 0x0009fff0-0x0009ffff] mapped at [ffff88000009fff0]
[    0.000000] Scanning 1 areas for low memory corruption
[    0.000000] RAMDISK: [mem 0x36ae8000-0x3756bfff]
[    0.000000] ACPI: Early table checksum verification disabled
[    0.000000] ACPI: RSDP 0x00000000000E0000 000024 (v02 VBOX  )
[    0.000000] ACPI: XSDT 0x00000000DFFF0030 00003C (v01 VBOX   VBOXXSDT 00000001 ASL  00000061)
[    0.000000] ACPI: FACP 0x00000000DFFF00F0 0000F4 (v04 VBOX   VBOXFACP 00000001 ASL  00000061)
[    0.000000] ACPI: DSDT 0x00000000DFFF0470 0021C8 (v02 VBOX   VBOXBIOS 00000002 INTL 20100528)
[    0.000000] ACPI: FACS 0x00000000DFFF0200 000040
[    0.000000] ACPI: FACS 0x00000000DFFF0200 000040
[    0.000000] ACPI: APIC 0x00000000DFFF0240 00005C (v02 VBOX   VBOXAPIC 00000001 ASL  00000061)
[    0.000000] ACPI: SSDT 0x00000000DFFF02A0 0001CC (v01 VBOX   VBOXCPUT 00000002 INTL 20100528)
[    0.000000] No NUMA configuration found
[    0.000000] Faking a node at [mem 0x0000000000000000-0x000000011fffffff]
[    0.000000] NODE_DATA(0) allocated [mem 0x11fff7000-0x11fffbfff]
[    0.000000] kvm-clock: Using msrs 4b564d01 and 4b564d00
[    0.000000] kvm-clock: cpu 0, msr 1:1ffef001, primary cpu clock
[    0.000000] kvm-clock: using sched offset of 2949057716 cycles
[    0.000000] clocksource: kvm-clock: mask: 0xffffffffffffffff max_cycles: 0x1cd42e4dffb, max_idle_ns: 881590591483 ns
[    0.000000] Zone ranges:
[    0.000000]   DMA      [mem 0x0000000000001000-0x0000000000ffffff]
[    0.000000]   DMA32    [mem 0x0000000001000000-0x00000000ffffffff]
[    0.000000]   Normal   [mem 0x0000000100000000-0x000000011fffffff]
[    0.000000]   Device   empty
[    0.000000] Movable zone start for each node
[    0.000000] Early memory node ranges
[    0.000000]   node   0: [mem 0x0000000000001000-0x000000000009efff]
[    0.000000]   node   0: [mem 0x0000000000100000-0x00000000dffeffff]
[    0.000000]   node   0: [mem 0x0000000100000000-0x000000011fffffff]
[    0.000000] Initmem setup node 0 [mem 0x0000000000001000-0x000000011fffffff]
[    0.000000] ACPI: PM-Timer IO Port: 0x4008
[    0.000000] IOAPIC[0]: apic_id 2, version 32, address 0xfec00000, GSI 0-23
[    0.000000] ACPI: INT_SRC_OVR (bus 0 bus_irq 0 global_irq 2 dfl dfl)
[    0.000000] ACPI: INT_SRC_OVR (bus 0 bus_irq 9 global_irq 9 high level)
[    0.000000] Using ACPI (MADT) for SMP configuration information
[    0.000000] smpboot: Allowing 2 CPUs, 0 hotplug CPUs
[    0.000000] PM: Registered nosave memory: [mem 0x00000000-0x00000fff]
[    0.000000] PM: Registered nosave memory: [mem 0x0009f000-0x0009ffff]
[    0.000000] PM: Registered nosave memory: [mem 0x000a0000-0x000effff]
[    0.000000] PM: Registered nosave memory: [mem 0x000f0000-0x000fffff]
[    0.000000] PM: Registered nosave memory: [mem 0xdfff0000-0xdfffffff]
[    0.000000] PM: Registered nosave memory: [mem 0xe0000000-0xfebfffff]
[    0.000000] PM: Registered nosave memory: [mem 0xfec00000-0xfec00fff]
[    0.000000] PM: Registered nosave memory: [mem 0xfec01000-0xfedfffff]
[    0.000000] PM: Registered nosave memory: [mem 0xfee00000-0xfee00fff]
[    0.000000] PM: Registered nosave memory: [mem 0xfee01000-0xfffbffff]
[    0.000000] PM: Registered nosave memory: [mem 0xfffc0000-0xffffffff]
[    0.000000] e820: [mem 0xe0000000-0xfebfffff] available for PCI devices
[    0.000000] Booting paravirtualized kernel on KVM
[    0.000000] clocksource: refined-jiffies: mask: 0xffffffff max_cycles: 0xffffffff, max_idle_ns: 7645519600211568 ns
[    0.000000] setup_percpu: NR_CPUS:512 nr_cpumask_bits:512 nr_cpu_ids:2 nr_node_ids:1
[    0.000000] PERCPU: Embedded 33 pages/cpu @ffff88011fc00000 s98264 r8192 d28712 u1048576
[    0.000000] PV qspinlock hash table entries: 256 (order: 0, 4096 bytes)
[    0.000000] Built 1 zonelists in Node order, mobility grouping on.  Total pages: 1032057
[    0.000000] Policy zone: Normal
[    0.000000] Kernel command line: BOOT_IMAGE=/boot/vmlinuz-4.4.0-71-generic root=LABEL=cloudimg-rootfs ro console=tty1 console=ttyS0
[    0.000000] PID hash table entries: 4096 (order: 3, 32768 bytes)
[    0.000000] Memory: 4032324K/4193848K available (8452K kernel code, 1293K rwdata, 3976K rodata, 1484K init, 1316K bss, 161524K reserved, 0K cma-reserved)
[    0.000000] SLUB: HWalign=64, Order=0-3, MinObjects=0, CPUs=2, Nodes=1
[    0.000000] Hierarchical RCU implementation.
[    0.000000] 	Build-time adjustment of leaf fanout to 64.
[    0.000000] 	RCU restricting CPUs from NR_CPUS=512 to nr_cpu_ids=2.
[    0.000000] RCU: Adjusting geometry for rcu_fanout_leaf=64, nr_cpu_ids=2
[    0.000000] NR_IRQS:33024 nr_irqs:440 16
[    0.000000] Console: colour VGA+ 80x25
[    0.000000] console [tty1] enabled
[    0.000000] console [ttyS0] enabled
[    0.000000] tsc: Detected 2494.226 MHz processor
[    9.113333] Calibrating delay loop (skipped) preset value.. 4988.45 BogoMIPS (lpj=9976904)
[    9.198278] pid_max: default: 32768 minimum: 301
[    9.249706] ACPI: Core revision 20150930
[    9.300904] ACPI: 2 ACPI AML tables successfully acquired and loaded
[    9.401595] Security Framework initialized
[    9.469562] Yama: becoming mindful.
[    9.533657] AppArmor: AppArmor initialized
[    9.542264] Dentry cache hash table entries: 524288 (order: 10, 4194304 bytes)
[    9.636787] Inode-cache hash table entries: 262144 (order: 9, 2097152 bytes)
[    9.722673] Mount-cache hash table entries: 8192 (order: 4, 65536 bytes)
[    9.776926] Mountpoint-cache hash table entries: 8192 (order: 4, 65536 bytes)
[    9.874192] Initializing cgroup subsys io
[    9.929522] Initializing cgroup subsys memory
[   10.002613] Initializing cgroup subsys devices
[   10.034127] Initializing cgroup subsys freezer
[   10.107218] Initializing cgroup subsys net_cls
[   10.176803] Initializing cgroup subsys perf_event
[   10.224827] Initializing cgroup subsys net_prio
[   10.283457] Initializing cgroup subsys hugetlb
[   10.333955] Initializing cgroup subsys pids
[   10.363266] CPU: Physical Processor ID: 0
[   10.369405] CPU: Processor Core ID: 0
[   10.395441] mce: CPU supports 0 MCE banks
[   10.460255] Last level iTLB entries: 4KB 1024, 2MB 1024, 4MB 1024
[   10.535125] Last level dTLB entries: 4KB 1024, 2MB 1024, 4MB 1024, 1GB 4
[   10.543069] Freeing SMP alternatives memory: 32K (ffffffff820b8000 - ffffffff820c0000)
[   10.610007] ftrace: allocating 32111 entries in 126 pages
[   10.700756] smpboot: APIC(0) Converting physical 0 to logical package 0
[   10.807626] smpboot: Max logical packages: 1
[   10.885051] x2apic enabled
[   10.922006] Switched APIC routing to physical x2apic.
[   10.996701] ..TIMER: vector=0x30 apic1=0 pin1=2 apic2=-1 pin2=-1
[   11.113736] smpboot: CPU0: Intel(R) Core(TM) i7-4870HQ CPU @ 2.50GHz (family: 0x6, model: 0x46, stepping: 0x1)
[   11.284291] Performance Events: unsupported p6 CPU model 70 no PMU driver, software events only.
[   11.382484] KVM setup paravirtual spinlock
[   11.420126] x86: Booting SMP configuration:
[   11.459159] .... node  #0, CPUs:      #1
[   11.538388] kvm-clock: cpu 1, msr 1:1ffef041, secondary cpu clock
[   11.628634] mce: CPU supports 0 MCE banks
[   11.648254] x86: Booted up 1 node, 2 CPUs
[   11.718615] smpboot: Total of 2 processors activated (9976.90 BogoMIPS)
[   11.824832] devtmpfs: initialized
[   11.886715] evm: security.selinux
[   11.944019] evm: security.SMACK64
[   11.968122] evm: security.SMACK64EXEC
[   11.968783] evm: security.SMACK64TRANSMUTE
[   12.023481] evm: security.SMACK64MMAP
[   12.107453] evm: security.ima
[   12.158055] evm: security.capability
[   12.220922] clocksource: jiffies: mask: 0xffffffff max_cycles: 0xffffffff, max_idle_ns: 7645041785100000 ns
[   12.287847] pinctrl core: initialized pinctrl subsystem
[   12.301323] RTC time: 19:32:14, date: 04/02/17
[   12.389106] NET: Registered protocol family 16
[   12.397987] cpuidle: using governor ladder
[   12.465906] cpuidle: using governor menu
[   12.483069] PCCT header not found.
[   12.494140] ACPI: bus type PCI registered
[   12.500616] acpiphp: ACPI Hot Plug PCI Controller Driver version: 0.5
[   12.583166] PCI: Using configuration type 1 for base access
[   12.619659] ACPI: Added _OSI(Module Device)
[   12.643976] ACPI: Added _OSI(Processor Device)
[   12.669809] ACPI: Added _OSI(3.0 _SCP Extensions)
[   12.702405] ACPI: Added _OSI(Processor Aggregator Device)
[   12.719047] ACPI: Executed 1 blocks of module-level executable AML code
[   12.738730] ACPI: Interpreter enabled
[   12.744888] ACPI: (supports S0 S5)
[   12.777428] ACPI: Using IOAPIC for interrupt routing
[   12.861338] PCI: Using host bridge windows from ACPI; if necessary, use "pci=nocrs" and report a bug
[   12.943096] ACPI: PCI Root Bridge [PCI0] (domain 0000 [bus 00-ff])
[   13.032717] acpi PNP0A03:00: _OSC: OS supports [ASPM ClockPM Segments MSI]
[   13.058483] acpi PNP0A03:00: _OSC failed (AE_NOT_FOUND); disabling ASPM
[   13.169325] acpi PNP0A03:00: fail to add MMCONFIG information, can't access extended PCI configuration space under this bridge.
[   13.309353] PCI host bridge to bus 0000:00
[   13.371581] pci_bus 0000:00: root bus resource [io  0x0000-0x0cf7 window]
[   13.472217] pci_bus 0000:00: root bus resource [io  0x0d00-0xffff window]
[   13.558818] pci_bus 0000:00: root bus resource [mem 0x000a0000-0x000bffff window]
[   13.603104] pci_bus 0000:00: root bus resource [mem 0xe0000000-0xffdfffff window]
[   13.619845] pci_bus 0000:00: root bus resource [bus 00-ff]
[   13.713697] pci 0000:00:01.1: legacy IDE quirk: reg 0x10: [io  0x01f0-0x01f7]
[   13.822027] pci 0000:00:01.1: legacy IDE quirk: reg 0x14: [io  0x03f6]
[   13.948419] pci 0000:00:01.1: legacy IDE quirk: reg 0x18: [io  0x0170-0x0177]
[   14.084047] pci 0000:00:01.1: legacy IDE quirk: reg 0x1c: [io  0x0376]
[   14.215083] pci 0000:00:07.0: quirk: [io  0x4000-0x403f] claimed by PIIX4 ACPI
[   14.325181] pci 0000:00:07.0: quirk: [io  0x4100-0x410f] claimed by PIIX4 SMB
[   14.410090] ACPI: PCI Interrupt Link [LNKA] (IRQs 5 9 10 *11)
[   14.507817] ACPI: PCI Interrupt Link [LNKB] (IRQs 5 9 10 *11)
[   14.581072] ACPI: PCI Interrupt Link [LNKC] (IRQs 5 9 *10 11)
[   14.640094] ACPI: PCI Interrupt Link [LNKD] (IRQs 5 *9 10 11)
[   14.682986] ACPI: Enabled 2 GPEs in block 00 to 07
[   14.739367] vgaarb: setting as boot device: PCI:0000:00:02.0
[   14.850868] vgaarb: device added: PCI:0000:00:02.0,decodes=io+mem,owns=io+mem,locks=none
[   14.937563] vgaarb: loaded
[   14.970328] vgaarb: bridge control possible 0000:00:02.0
[   15.057090] SCSI subsystem initialized
[   15.102123] ACPI: bus type USB registered
[   15.165398] usbcore: registered new interface driver usbfs
[   15.264591] usbcore: registered new interface driver hub
[   15.369262] usbcore: registered new device driver usb
[   15.433098] PCI: Using ACPI for IRQ routing
[   15.482393] NetLabel: Initializing
[   15.488461] NetLabel:  domain hash size = 128
[   15.534306] NetLabel:  protocols = UNLABELED CIPSOv4
[   15.621771] NetLabel:  unlabeled traffic allowed by default
[   15.721153] amd_nb: Cannot enumerate AMD northbridges
[   15.767310] clocksource: Switched to clocksource kvm-clock
[   15.841437] AppArmor: AppArmor Filesystem Enabled
[   15.952006] pnp: PnP ACPI init
[   16.021421] pnp: PnP ACPI: found 3 devices
[   16.108550] clocksource: acpi_pm: mask: 0xffffff max_cycles: 0xffffff, max_idle_ns: 2085701024 ns
[   16.285949] NET: Registered protocol family 2
[   16.374801] TCP established hash table entries: 32768 (order: 6, 262144 bytes)
[   16.498853] TCP bind hash table entries: 32768 (order: 7, 524288 bytes)
[   16.626158] TCP: Hash tables configured (established 32768 bind 32768)
[   16.693926] UDP hash table entries: 2048 (order: 4, 65536 bytes)
[   16.820970] UDP-Lite hash table entries: 2048 (order: 4, 65536 bytes)
[   16.963270] NET: Registered protocol family 1
[   17.064541] pci 0000:00:00.0: Limiting direct PCI/PCI transfers
[   17.191894] pci 0000:00:01.0: Activating ISA DMA hang workarounds
[   17.313380] Unpacking initramfs...
[   18.956607] Freeing initrd memory: 10768K (ffff880036ae8000 - ffff88003756c000)
[   18.984098] PCI-DMA: Using software bounce buffering for IO (SWIOTLB)
[   19.063607] software IO TLB [mem 0xdbff0000-0xdfff0000] (64MB) mapped at [ffff8800dbff0000-ffff8800dffeffff]
[   19.140050] platform rtc_cmos: registered platform RTC device (no PNP device found)
[   19.264150] Scanning for low memory corruption every 60 seconds
[   19.298454] futex hash table entries: 512 (order: 3, 32768 bytes)
[   19.401242] audit: initializing netlink subsys (disabled)
[   19.497145] audit: type=2000 audit(1491161531.382:1): initialized
[   19.585319] Initialise system trusted keyring
[   19.654339] HugeTLB registered 2 MB page size, pre-allocated 0 pages
[   19.786010] zbud: loaded
[   19.839293] VFS: Disk quotas dquot_6.6.0
[   19.905155] VFS: Dquot-cache hash table entries: 512 (order 0, 4096 bytes)
[   20.039838] squashfs: version 4.0 (2009/01/31) Phillip Lougher
[   20.145412] tsc: Refined TSC clocksource calibration: 2494.610 MHz
[   20.279766] clocksource: tsc: mask: 0xffffffffffffffff max_cycles: 0x23f5562f84a, max_idle_ns: 440795263163 ns
[   20.280059] fuse init (API version 7.23)
[   20.280166] Key type big_key registered
[   20.281562] Allocating IMA MOK and blacklist keyrings.
[   20.281767] Key type asymmetric registered
[   20.281772] Asymmetric key parser 'x509' registered
[   20.281812] Block layer SCSI generic (bsg) driver version 0.4 loaded (major 249)
[   20.281834] io scheduler noop registered
[   20.281836] io scheduler deadline registered (default)
[   20.281859] io scheduler cfq registered
[   20.281941] pci_hotplug: PCI Hot Plug PCI Core version: 0.5
[   20.281945] pciehp: PCI Express Hot Plug Controller Driver version: 0.4
[   20.282273] ACPI: AC Adapter [AC] (on-line)
[   20.282314] input: Power Button as /devices/LNXSYSTM:00/LNXPWRBN:00/input/input0
[   20.282317] ACPI: Power Button [PWRF]
[   20.282370] input: Sleep Button as /devices/LNXSYSTM:00/LNXSLPBN:00/input/input1
[   20.282371] ACPI: Sleep Button [SLPF]
[   20.282489] GHES: HEST is not enabled!
[   20.283296] ACPI: Battery Slot [BAT0] (battery present)
[   20.283337] Serial: 8250/16550 driver, 32 ports, IRQ sharing enabled
[   20.561353] 00:02: ttyS0 at I/O 0x3f8 (irq = 4, base_baud = 115200) is a 16550A
[   20.650807] Linux agpgart interface v0.103
[   20.720547] loop: module loaded
[   20.720987] scsi host0: ata_piix
[   20.721031] scsi host1: ata_piix
[   20.721053] ata1: PATA max UDMA/33 cmd 0x1f0 ctl 0x3f6 bmdma 0xd000 irq 14
[   20.721054] ata2: PATA max UDMA/33 cmd 0x170 ctl 0x376 bmdma 0xd008 irq 15
[   20.721110] libphy: Fixed MDIO Bus: probed
[   20.721112] tun: Universal TUN/TAP device driver, 1.6
[   20.721112] tun: (C) 1999-2004 Max Krasnyansky <maxk@qualcomm.com>
[   20.721360] PPP generic driver version 2.4.2
[   20.721402] ehci_hcd: USB 2.0 'Enhanced' Host Controller (EHCI) Driver
[   20.721405] ehci-pci: EHCI PCI platform driver
[   20.721417] ehci-platform: EHCI generic platform driver
[   20.721423] ohci_hcd: USB 1.1 'Open' Host Controller (OHCI) Driver
[   20.721425] ohci-pci: OHCI PCI platform driver
[   20.721431] ohci-platform: OHCI generic platform driver
[   20.721436] uhci_hcd: USB Universal Host Controller Interface driver
[   20.721479] i8042: PNP: PS/2 Controller [PNP0303:PS2K,PNP0f03:PS2M] at 0x60,0x64 irq 1,12
[   20.777407] serio: i8042 KBD port at 0x60,0x64 irq 1
[   20.777413] serio: i8042 AUX port at 0x60,0x64 irq 12
[   20.777537] mousedev: PS/2 mouse device common for all mice
[   20.777796] rtc_cmos rtc_cmos: rtc core: registered rtc_cmos as rtc0
[   20.777856] rtc_cmos rtc_cmos: alarms up to one day, 114 bytes nvram
[   20.777864] i2c /dev entries driver
[   20.777931] device-mapper: uevent: version 1.0.3
[   20.777993] device-mapper: ioctl: 4.34.0-ioctl (2015-10-28) initialised: dm-devel@redhat.com
[   20.778015] ledtrig-cpu: registered to indicate activity on CPUs
[   20.778283] NET: Registered protocol family 10
[   20.778412] NET: Registered protocol family 17
[   20.778422] Key type dns_resolver registered
[   20.871690] microcode: CPU0 sig=0x40661, pf=0x40, revision=0x0
[   20.871801] microcode: CPU1 sig=0x40661, pf=0x40, revision=0x0
[   20.871898] microcode: Microcode Update Driver: v2.01 <tigran@aivazian.fsnet.co.uk>, Peter Oruba
[   20.872044] registered taskstats version 1
[   20.872059] Loading compiled-in X.509 certificates
[   20.872706] Loaded X.509 cert 'Build time autogenerated kernel key: 812d956779f79f89ad448268b75be2bbdc5d2bc7'
[   20.872729] zswap: loaded using pool lzo/zbud
[   20.873788] Key type trusted registered
[   20.875968] Key type encrypted registered
[   20.875973] AppArmor: AppArmor sha1 policy hashing enabled
[   20.875975] ima: No TPM chip found, activating TPM-bypass!
[   20.875989] evm: HMAC attrs: 0x1
[   20.876283]   Magic number: 13:629:545
[   20.876299] tty ttyS21: hash matches
[   20.990101] rtc_cmos rtc_cmos: setting system clock to 2017-04-02 19:32:22 UTC (1491161542)
[   20.990250] BIOS EDD facility v0.16 2004-Jun-25, 0 devices found
[   20.990250] EDD information not available.
[   21.297246] input: AT Translated Set 2 keyboard as /devices/platform/i8042/serio0/input/input2
[   24.989695] Freeing unused kernel memory: 1484K (ffffffff81f45000 - ffffffff820b8000)
[   25.145167] Write protecting the kernel read-only data: 14336k
[   25.217354] Freeing unused kernel memory: 1776K (ffff880001844000 - ffff880001a00000)
[   25.345576] Freeing unused kernel memory: 120K (ffff880001de2000 - ffff880001e00000)
Loading, please [   25.483521] random: systemd-udevd: uninitialized urandom read (16 bytes read, 4 bits of entropy available)
wait...
startin[   25.484045] random: udevadm: uninitialized urandom read (16 bytes read, 4 bits of entropy available)
g version 229
[   25.484072] random: udevadm: uninitialized urandom read (16 bytes read, 4 bits of entropy available)
[   25.484157] random: udevadm: uninitialized urandom read (16 bytes read, 4 bits of entropy available)
[   25.484195] random: udevadm: uninitialized urandom read (16 bytes read, 4 bits of entropy available)
[   25.484225] random: udevadm: uninitialized urandom read (16 bytes read, 4 bits of entropy available)
[   25.484254] random: udevadm: uninitialized urandom read (16 bytes read, 4 bits of entropy available)
[   25.484283] random: udevadm: uninitialized urandom read (16 bytes read, 4 bits of entropy available)
[   25.484309] random: udevadm: uninitialized urandom read (16 bytes read, 4 bits of entropy available)
[   25.484335] random: udevadm: uninitialized urandom read (16 bytes read, 4 bits of entropy available)
[   26.761429] e1000: Intel(R) PRO/1000 Network Driver - version 7.3.21-k8-NAPI
[   26.869831] e1000: Copyright (c) 1999-2006 Intel Corporation.
[   26.936866] Fusion MPT base driver 3.04.20
[   26.979672] Copyright (c) 1999-2008 LSI Corporation
[   27.010633] AVX version of gcm_enc/dec engaged.
[   27.047530] AES CTR mode by8 optimization enabled
[   27.088814] Fusion MPT SPI Host driver 3.04.20
[   27.144927] input: ImExPS/2 Generic Explorer Mouse as /devices/platform/i8042/serio1/input/input4
[   27.428792] e1000 0000:00:03.0 eth0: (PCI:33MHz:32-bit) 02:6f:83:38:c1:e5
[   27.486508] e1000 0000:00:03.0 eth0: Intel(R) PRO/1000 Network Connection
[   27.488533] mptbase: ioc0: Initiating bringup
[   27.640194] ioc0: LSI53C1030 A0: Capabilities={Initiator}
[   27.869668] scsi host2: ioc0: LSI53C1030 A0, FwRev=00000000h, Ports=1, MaxQ=256, IRQ=20
[   28.032096] scsi 2:0:0:0: Direct-Access     VBOX     HARDDISK         1.0  PQ: 0 ANSI: 5
[   28.165613] scsi target2:0:0: Beginning Domain Validation
[   28.311922] scsi target2:0:0: Domain Validation skipping write tests
[   28.334983] scsi target2:0:0: Ending Domain Validation
[   28.344642] scsi target2:0:0: asynchronous
[   28.381740] scsi 2:0:1:0: Direct-Access     VBOX     HARDDISK         1.0  PQ: 0 ANSI: 5
[   28.502434] scsi target2:0:1: Beginning Domain Validation
[   28.539537] scsi target2:0:1: Domain Validation skipping write tests
[   28.617427] scsi target2:0:1: Ending Domain Validation
[   28.655522] e1000 0000:00:08.0 eth1: (PCI:33MHz:32-bit) 08:00:27:19:4c:f0
[   28.655528] e1000 0000:00:08.0 eth1: Intel(R) PRO/1000 Network Connection
[   28.760024] e1000 0000:00:08.0 enp0s8: renamed from eth1
[   28.929843] scsi target2:0:1: asynchronous
[   28.976495] e1000 0000:00:03.0 enp0s3: renamed from eth0
[   29.067684] sd 2:0:0:0: Attached scsi generic sg0 type 0
[   29.147538] sd 2:0:0:0: [sda] 20971520 512-byte logical blocks: (10.7 GB/10.0 GiB)
[   29.147770] sd 2:0:1:0: Attached scsi generic sg1 type 0
[   29.147953] sd 2:0:1:0: [sdb] 20480 512-byte logical blocks: (10.5 MB/10.0 MiB)
[   29.148222] sd 2:0:1:0: [sdb] Write Protect is off
[   29.148376] sd 2:0:1:0: [sdb] Incomplete mode parameter data
[   29.148377] sd 2:0:1:0: [sdb] Assuming drive cache: write through
[   29.149470] sd 2:0:1:0: [sdb] Attached SCSI disk
[   29.778843] sd 2:0:0:0: [sda] Write Protect is off
[   29.819131] sd 2:0:0:0: [sda] Incomplete mode parameter data
[   29.897161] sd 2:0:0:0: [sda] Assuming drive cache: write through
[   29.987568] floppy0: no floppy controllers found
[   29.988906]  sda: sda1
[   29.989606] sd 2:0:0:0: [sda] Attached SCSI disk
Begin: Loading e[   31.374558] md: linear personality registered for level -1
ssential drivers ... [   31.388185] md: multipath personality registered for level -4
[   31.501231] md: raid0 personality registered for level 0
[   31.572711] md: raid1 personality registered for level 1
[   31.799889] raid6: sse2x1   gen()  9312 MB/s
[   31.923642] raid6: sse2x1   xor()  7700 MB/s
[   32.044395] raid6: sse2x2   gen() 13225 MB/s
[   32.123452] raid6: sse2x2   xor()  8742 MB/s
[   32.267368] raid6: sse2x4   gen() 13010 MB/s
[   32.437239] raid6: sse2x4   xor() 10290 MB/s
[   32.498647] raid6: using algorithm sse2x2 gen() 13225 MB/s
[   32.594653] raid6: .... xor() 8742 MB/s, rmw enabled
[   32.695784] raid6: using ssse3x2 recovery algorithm
[   32.812559] xor: automatically using best checksumming function:
[   32.931505]    avx       : 22837.000 MB/sec
[   32.984444] async_tx: api initialized (async)
[   33.112128] md: raid6 personality registered for level 6
[   33.175961] md: raid5 personality registered for level 5
[   33.242761] md: raid4 personality registered for level 4
[   33.308941] md: raid10 personality registered for level 10
done.
Begin: Running /scripts/init-p[   33.399942] Btrfs loaded
remount ... done.
Begin: Mounting root file system ... Begin: Running /scripts/local-top ... done.
Begin: Running /scripts/local-premount ... Scanning for Btrfs filesystems
done.
Warning: fsck not present, so skipping root file system
[   33.485813] EXT4-fs (sda1): mounted filesystem with ordered data mode. Opts: (null)
done.
Begin: Running /scripts/local-bottom ... done.
Begin: Running /scripts/init-bottom ... done.
[   33.543145] systemd[1]: systemd 229 running in system mode. (+PAM +AUDIT +SELINUX +IMA +APPARMOR +SMACK +SYSVINIT +UTMP +LIBCRYPTSETUP +GCRYPT +GNUTLS +ACL +XZ -LZ4 +SECCOMP +BLKID +ELFUTILS +KMOD -IDN)
[   33.800857] systemd[1]: Detected virtualization oracle.
[   33.802988] systemd[1]: Detected architecture x86-64.

Welcome to [1mUbuntu 16.04.2 LTS[0m!

[   33.943974] systemd[1]: Set hostname to <ubuntu>.
[   34.047592] systemd[1]: Initializing machine ID from random generator.
[   34.171063] systemd[1]: Installed transient /etc/machine-id file.
[   34.332334] systemd[1]: Reached target User and Group Name Lookups.
[[0;32m  OK  [0m] Reached target User and Group Name Lookups.
[   34.483714] systemd[1]: Listening on udev Kernel Socket.
[[0;32m  OK  [0m] Listening on udev Kernel Socket.
[   34.639680] systemd[1]: Started Forward Password Requests to Wall Directory Watch.
[[0;32m  OK  [0m] Started Forward Password Requests to Wall Directory Watch.
[   34.860029] systemd[1]: Listening on Journal Socket (/dev/log).
[[0;32m  OK  [0m] Listening on Journal Socket (/dev/log).
[   34.983809] systemd[1]: Listening on Journal Socket.
[[0;32m  OK  [0m] Listening on Journal Socket.
[   35.087548] systemd[1]: Created slice User and Session Slice.
[[0;32m  OK  [0m] Created slice User and Session Slice.
[   35.292418] systemd[1]: Listening on udev Control Socket.
[[0;32m  OK  [0m] Listening on udev Control Socket.
[   35.431639] systemd[1]: Reached target Encrypted Volumes.
[[0;32m  OK  [0m] Reached target Encrypted Volumes.
[   35.539845] systemd[1]: Listening on Journal Audit Socket.
[[0;32m  OK  [0m] Listening on Journal Audit Socket.
[   35.675729] systemd[1]: Listening on LVM2 metadata daemon socket.
[[0;32m  OK  [0m] Listening on LVM2 metadata daemon socket.
[   35.888031] systemd[1]: Listening on Device-mapper event daemon FIFOs.
[[0;32m  OK  [0m] Listening on Device-mapper event daemon FIFOs.
[   36.052064] systemd[1]: Listening on /dev/initctl Compatibility Named Pipe.
[[0;32m  OK  [0m] Listening on /dev/initctl Compatibility Named Pipe.
[   36.259847] systemd[1]: Listening on LVM2 poll daemon socket.
[[0;32m  OK  [0m] Listening on LVM2 poll daemon socket.
[   36.420139] systemd[1]: Listening on Syslog Socket.
[[0;32m  OK  [0m] Listening on Syslog Socket.
[   36.547741] systemd[1]: Reached target Swap.
[[0;32m  OK  [0m] Reached target Swap.
[   36.659795] systemd[1]: Created slice System Slice.
[[0;32m  OK  [0m] Created slice System Slice.
[   36.743577] systemd[1]: Starting Monitoring of LVM2 mirrors, snapshots etc. using dmeventd or progress polling...
         Starting Monitoring of LVM2 mirrors... dmeventd or progress polling...
[   36.995529] systemd[1]: Starting Create list of required static device nodes for the current kernel...
         Starting Create list of required st... nodes for the current kernel...
[   37.147472] systemd[1]: Mounting Huge Pages File System...
         Mounting Huge Pages File System...
[   37.231560] systemd[1]: Starting Load Kernel Modules...
[   37.306752] random: nonblocking pool is initialized
         Starting Load Ke[   37.349400] Loading iSCSI transport class v2.0-870.
rnel Modules...[   37.415984] iscsi: registered transport (tcp)

[   37.514230] iscsi: registered transport (iser)
[   37.520700] systemd[1]: Starting Remount Root and Kernel File Systems...
[   37.523305] EXT4-fs (sda1): re-mounted. Opts: (null)
         Starting Remount Root and Kernel File Systems...
[   37.727994] systemd[1]: Starting Set console keymap...
         Starting Set console keymap...
[   37.864169] systemd[1]: Created slice system-serial\x2dgetty.slice.
[[0;32m  OK  [0m] Created slice system-serial\x2dgetty.slice.
[   37.987571] systemd[1]: Mounting Debug File System...
         Mounting Debug File System...
[   38.155827] systemd[1]: Mounting POSIX Message Queue File System...
         Mounting POSIX Message Queue File System...
[   38.247621] systemd[1]: Starting Uncomplicated firewall...
         Starting Uncomplicated firewall...
[   38.387677] systemd[1]: Starting Journal Service...
         Starting Journal Service...
[   38.483757] systemd[1]: Set up automount Arbitrary Executable File Formats File System Automount Point.
[[0;32m  OK  [0m] Set up automount Arbitrary Executab...ats File System Automount Point.
[   38.572045] systemd[1]: Starting Nameserver information manager...
         Starting Nameserver information manager...
[   38.656258] systemd[1]: Reached target Slices.
[[0;32m  OK  [0m] Reached target Slices.
[   38.780628] systemd[1]: Mounted Debug File System.
[[0;32m  OK  [0m] Mounted Debug File System.
[   38.867777] systemd[1]: Mounted Huge Pages File System.
[[0;32m  OK  [0m] Mounted Huge Pages File System.
[   38.984563] systemd[1]: Mounted POSIX Message Queue File System.
[[0;32m  OK  [0m] Mounted POSIX Message Queue File System.
[   39.123792] systemd[1]: Started Journal Service.
[[0;32m  OK  [0m] Started Journal Service.
[[0;32m  OK  [0m] Started Create list of required sta...ce nodes for the current kernel.
[[0;32m  OK  [0m] Started Load Kernel Modules.
[[0;32m  OK  [0m] Started Remount Root and Kernel File Systems.
[[0;32m  OK  [0m] Started Set console keymap.
[[0;32m  OK  [0m] Started Uncomplicated firewall.
[[0;32m  OK  [0m] Started Nameserver information manager.
[[0;32m  OK  [0m] Started LVM2 metadata daemon.
         Starting Initial cloud-init job (pre-networking)...
         Starting Load/Save Random Seed...
         Starting udev Coldplug all Devices...
         Starting Apply Kernel Variables...
         Mounting FUSE Control File System...
         Starting Create Static Device Nodes in /dev...
         Starting Flush Journal to Persistent Storage...
[[0;32m  OK  [0m] Mounted FUSE Control File System.
[[0;32m  OK  [0m] Started Monitoring of LVM2 mirrors,...ng dmeventd or progress polling.
[[0;32m  OK  [0m] Started Load/Save Random Seed.
[[0;32m  OK  [0m] Started Apply Kernel Variables.
[[0;32m  OK  [0m] Started Create Static Device Nodes in /dev.
[[0;32m  OK  [0m] Started udev Coldplug all Devices.
[   25.019701] cloud-init[445]: Cloud-init v. 0.7.9 running 'init-local' at Sun, 02 Apr 2017 19:32:41 +0000. Up 24.85 seconds.
[[0;32m  OK  [0m] Started Initial cloud-init job (pre-networking).
[[0;32m  OK  [0m] Started Flush Journal to Persistent Storage.
[[0;32m  OK  [0m] Reached target Network (Pre).
         Starting udev Kernel Device Manager...
[[0;32m  OK  [0m] Started udev Kernel Device Manager.
[[0;32m  OK  [0m] Started Dispatch Password Requests to Console Directory Watch.
[[0;32m  OK  [0m] Reached target Local File Systems (Pre).
[[0;32m  OK  [0m] Reached target Local File Systems.
         Starting Commit a transient machine-id on disk...
         Starting Tell Plymouth To Write Out Runtime Data...
         Starting Set console font and keymap...
         Starting LSB: AppArmor initialization...
         Starting Create Volatile Files and Directories...
[[0;32m  OK  [0m] Started Commit a transient machine-id on disk.
[[0;32m  OK  [0m] Started Tell Plymouth To Write Out Runtime Data.
[[0;32m  OK  [0m] Started Create Volatile Files and Directories.
[[0;1;31mFAILED[0m] Failed to start Set console font and keymap.
See 'systemctl status console-setup.service' for details.
[[0;32m  OK  [0m] Found device /dev/ttyS0.
[[0;32m  OK  [0m] Listening on Load/Save RF Kill Switch Status /dev/rfkill Watch.
[[0;32m  OK  [0m] Created slice system-getty.slice.
         Starting Update UTMP about System Boot/Shutdown...
[[0;32m  OK  [0m] Reached target System Time Synchronized.
[[0;32m  OK  [0m] Started LSB: AppArmor initialization.
[[0;32m  OK  [0m] Started Update UTMP about System Boot/Shutdown.
         Starting Raise network interfaces...
[[0;32m  OK  [0m] Started ifup for enp0s3.
[[0;32m  OK  [0m] Started Raise network interfaces.
         Starting Initial cloud-init job (metadata service crawler)...
[[0;32m  OK  [0m] Reached target Network.
[   29.450529] cloud-init[938]: Cloud-init v. 0.7.9 running 'init' at Sun, 02 Apr 2017 19:32:45 +0000. Up 28.83 seconds.
[[0;32m  OK  [0m] Started Initial cloud-init job (metadata service crawler).
[[0;32m  OK  [0m] Reached target System Initialization.
[   29.534579] cloud-init[938]: ci-info: ++++++++++++++++++++++++++++++++++++++Net device info++++++++++++++++++++++++++++++++++++++
[   29.716664] cloud-init[938]: ci-info: +--------+-------+----------------------------+---------------+-------+-------------------+
[[0;32m  OK  [0m] Listening on ACPID Listen Socket.
[   29.803020] cloud-init[938]: ci-info: | Device |   Up  |          Address           |      Mask     | Scope |     Hw-Address    |
[   29.932356] cloud-init[938]: ci-info: +--------+-------+----------------------------+---------------+-------+-------------------+
[   30.020370] cloud-init[938]: ci-info: | enp0s3 |  True |         10.0.2.15          | 255.255.255.0 |   .   | 02:6f:83:38:c1:e5 |
[   30.056785] cloud-init[938]: ci-info: | enp0s3 |  True | fe80::6f:83ff:fe38:c1e5/64 |       .       |  link | 02:6f:83:38:c1:e5 |
         Starting LXD - unix socket.
[[0;32m  OK  [0m] Started Timer to automatically refresh installed snaps.
         [   30.143499] Starting Socket activation for snappy daemon.cloud-init
[938]: ci-info: | enp0s8 | False |             .              |       .       |   .   | 08:00:27:19:4c:f0 |
[   30.226980] cloud-init[938]: ci-info: |   lo   |  True |         127.0.0.1          |   255.0.0.0   |   .   |         .         |
[   30.227465] cloud-init[938]: ci-info: |   lo   |  True |          ::1/128           |       .       |  host |         .         |
[[0;32m  OK  [0m] Started Daily apt activities.
[   30.227615] cloud-init[938]: ci-info: +--------+-------+----------------------------+---------------+-------+-------------------+
[   30.480262] cloud-init[938]: ci-info: +++++++++++++++++++++++++++Route IPv4 info++++++++++++++++++++++++++++
[[   30.480561] [0;32m  OK  [0mcloud-init] [938]: Started ACPI Events Check.ci-info: +-------+-------------+----------+---------------+-----------+-------+

[[   30.480890] cloud-init[938]: ci-info: | Route | Destination | Gateway  |    Genmask    | Interface | Flags |
[   30.633030] cloud-init[938]: ci-info: +-------+-------------+----------+---------------+-----------+-------+
[0;32m  OK  [0m] Started Daily Cleanup of Temporary Directories.
[[   30.633162] cloud-init[938]: ci-info: |   0   |   0.0.0.0   | 10.0.2.2 |    0.0.0.0    |   enp0s3  |   UG  |
[   30.777418] cloud-init[938]: ci-info: |   1   |   10.0.2.0  | 0.0.0.0  | 255.255.255.0 |   enp0s3  |   U   |
[0;32m  OK  [0m] Reached target Timers.
[[   30.777556] cloud-init[938]: ci-info: +-------+-------------+----------+---------------+-----------+-------+
[   30.888865] cloud-init[938]: Generating public/private rsa key pair.
[0;32m  OK  [0m] Started Trigger resolvconf update for networkd DNS.
[   30.888929] cloud-init[938]: Your identification has been saved in /etc/ssh/ssh_host_rsa_key.
[   31.024127] cloud-init[938]: Your public key has been saved in /etc/ssh/ssh_host_rsa_key.pub.
[[0;32m  OK  [0m] Reached target Paths.
[   31.024190] cloud-init[938]: The key fingerprint is:
[   31.152308] cloud-init[938]: SHA256:mxUjHKdaF91DOL6RJKX6XO9lpHBWei9QWMx1IySm+7k root@ubuntu-xenial
[   31.152712] cloud-init[938]: The key's randomart image is:
[[0;32m  OK  [0m] Listening on D-Bus System Message Bus Socket.
[[   31.152857] cloud-init[938]: +---[RSA 2048]----+
[   31.210751] cloud-init[938]: |        . o=oOooo|
[   31.210825] cloud-init[938]: |       . ++o*o* o|
[0;32m  OK  [0m] Listening on UUID daemon activation socket.
[[   31.210949] cloud-init[938]: |        =.=+.o...|
[   31.301098] cloud-init[938]: |       o +.o+. o |
[0;32m  OK  [0m] Reached target Cloud-config availability.
[   31.301179] cloud-init[938]: |      . S.. +o+ o|
[   31.374107] cloud-init[938]: |         *..o* +.|
[[0;32m  OK  [0m] Reached target Network is Online.
[   31.374280] cloud-init[938]: |        o oo  + +|
[   31.468780] cloud-init[938]: |            .. + |
[   31.470027] cloud-init[938]: |           E  .  |
[   31.470183] cloud-init[938]: +----[SHA256]-----+
[   31.470949] cloud-init[938]: Generating public/private dsa key pair.
         Starting iSCSI initiator daemon (iscsid)...
[   31.471003] cloud-init[938]: Your identification has been saved in /etc/ssh/ssh_host_dsa_key.
[   31.696433] cloud-init[938]: Your public key has been saved in /etc/ssh/ssh_host_dsa_key.pub.
[   31.696727] cloud-init[938]: The key fingerprint is:
[[0;32m  OK  [0m] Listening on LXD - unix socket.
[[   31.696848] cloud-init[938]: SHA256:wA64UTZW5m+TlyBy+gk0gbGTCXFsuBLCGvrh5vdJO20 root@ubuntu-xenial
[   31.817614] cloud-init[938]: The key's randomart image is:
[0;32m  OK  [0m] Listening on Socket activation for snappy daemon.
[   31.817790] cloud-init[938]: +---[DSA 1024]----+
[   31.964435] cloud-init[938]: |++oo*.o          |
[   31.964703] cloud-init[938]: |=++O *           |
[[0;32m  OK  [0m] Started iSCSI initiator daemon (iscsid).
[   31.964860] cloud-init[938]: |+=B = * .        |
[   32.068628] cloud-init[938]: |= .= B + o .     |
[   32.069202] cloud-init[938]: |.o..o . S o      |
         Starting Login to default iSCSI targets...
[[   32.069429] cloud-init[938]: |  +  o o o       |
[0;32m  OK  [0m] Reached target Sockets.
[[   32.172890] cloud-init[938]: | o    +.         |
[   32.208842] cloud-init[938]: [0;32m  OK  [0m|  . ...oE        |] 
Reached target Basic System.
[   32.208986] cloud-init[938]: |   . .+o         |
[   32.308592] cloud-init[938]: +----[SHA256]-----+
[   32.340349] cloud-init[938]: Generating public/private ecdsa key pair.
[   32.392495] cloud-init[938]: Your identification has been saved in /etc/ssh/ssh_host_ecdsa_key.
         Starting Accounts Service...
[   32.464104] cloud-init[938]: Your public key has been saved in /etc/ssh/ssh_host_ecdsa_key.pub.
[[0;32m  OK  [0m] Started ACPI event daemon.
[   32.552382] cloud-init[938]: The key fingerprint is:
[   32.608380] cloud-init[938]: SHA256:pglV+evQLjKie6Ds2UqojbKoZQviQpECuIohC8lsnX0 root@ubuntu-xenial
         Starting Login Service...
[   32.609062] cloud-init[938]: The key's randomart image is:
[   32.694597] cloud-init[938]: +---[ECDSA 256]---+
[   32.732467]          cloud-initStarting /etc/rc.local Compatibility...[938]: 
|.       ..       |
[   32.778129]          Starting System Logging Service...
cloud-init[938]: |o      ..        |
[   32.781629] cloud-init[938]: |+oo o .  .       |
[   32.800402] [cloud-init[0;32m  OK  [0m[938]: ] |B* o o E  .      |Started Snappy daemon.

[   32.800786] cloud-init[938]: |Bo. . . S. .     |
         Starting Pollinate to seed the pseudo random number generator...
[   32.882914] cloud-init[938]: |=..  . +. o      |
[   32.960350] [cloud-init[0;32m  OK  [0m[938]: ] |*oo.  o  +       |Started Deferred execution scheduler.

[   32.960780] cloud-init[938]: |XBo.o o . o      |
[   33.048339]          cloud-initStarting LSB: Record successful boot for GRUB...[938]: 
|@**= . o .       |
[   33.117060] [cloud-init[0;32m  OK  [0m[938]: ] +----[SHA256]-----+Started Regular background program processing daemon.

[   33.117681] cloud-init[938]: Generating public/private ed25519 key pair.
[   33.252330] [cloud-init[0;32m  OK  [0m[938]: ] Your identification has been saved in /etc/ssh/ssh_host_ed25519_key.Started D-Bus System Message Bus.

[   33.252845] cloud-init[938]: Your public key has been saved in /etc/ssh/ssh_host_ed25519_key.pub.
         Starting Auto import assertions from block devices...
[   33.388512] cloud-init[938]: The key fingerprint is:
[   33.456555]          cloud-initStarting Apply the settings specified in cloud-config...[938]: 
SHA256:ItRDcOp6BeSr0VxL6kjcA2bIlBMo++owo9s+F+jDLt4 root@ubuntu-xenial
[   33.539736]          Starting LSB: MD monitoring daemon...
cloud-init[938]: The key's randomart image is:
[   33.564266] [cloud-init[0;32m  OK  [0m[938]: ] +--[ED25519 256]--+Started FUSE filesystem for LXC.

[   33.564648] cloud-init[938]: |.oo o.o          |
[   33.696708] cloud-init[938]: |=+ o =           |
         Starting LXD - container startup/shutdown...
[   33.697274] cloud-init[938]: |oo= = =          |
[   33.804467] [cloud-init[0;32m  OK  [0m[938]: ] |.+ B * o         |Started System Logging Service.

[   33.805171] cloud-init[938]: | .+.X + S        |
[   33.896608] [cloud-init[0;32m  OK  [0m[938]: ] | .o*.+ .         |Started /etc/rc.local Compatibility.

[   33.896999] cloud-init[938]: |+++ o.           |
[   34.008316] [cloud-init[0;32m  OK  [0m[938]: ] |=+*..            |Started Pollinate to seed the pseudo random number generator.

[[0;32m  OK  [0m] Started Auto import assertions from block devices.
[   34.086342] cloud-init[938]: |=B+E             |
[   34.180270] [cloud-init[0;32m  OK  [0m[938]: ] +----[SHA256]-----+Started LXD - container startup/shutdown.

[   34.186982] cloud-init[1131]: Generating locales (this might take a while)...
[[0;32m  OK  [0m] Started Login to default iSCSI targets.
[[0;32m  OK  [0m] Started LSB: Record successful boot for GRUB.
[[0;32m  OK  [0m] Started LSB: MD monitoring daemon.
[[0;32m  OK  [0m] Started Login Service.
         Starting Authenticate and Authorize Users to Run Privileged Tasks...
[[0;32m  OK  [0m] Reached target Remote File Systems (Pre).
[[0;32m  OK  [0m] Reached target Remote File Systems.
         Starting LSB: Set the CPU Frequency Scaling governor to "ondemand"...
[   34.890656] cloud-init[1131]:   en_US.UTF-8... done
[   34.920625] cloud-init[1131]: Generation complete.
         Starting LSB: VirtualBox Linux Additions...
         Starting LSB: automatic crash report generation...
         Starting Permit User Sessions...
         Starting LSB: daemon to balance interrupts for SMP systems...
         Starting OpenBSD Secure Shell server...
[[0;32m  OK  [0m] Started OpenBSD Secure Shell server.
[[0;32m  OK  [0m] Started Permit User Sessions.
[[0;32m  OK  [0m] Started Authenticate and Authorize Users to Run Privileged Tasks.
[[0;32m  OK  [0m] Started Accounts Service.
[[0;32m  OK  [0m] Started LSB: Set the CPU Frequency Scaling governor to "ondemand".
[[0;32m  OK  [0m] Started LSB: VirtualBox Linux Additions.
[[0;32m  OK  [0m] Started LSB: automatic crash report generation.
[[0;32m  OK  [0m] Started LSB: daemon to balance interrupts for SMP systems.
         Stopping OpenBSD Secure Shell server...
[[0;32m  OK  [0m] Created slice User Slice of ubuntu.
         Starting User Manager for UID 1000...
[[0;32m  OK  [0m] Started Session 1 of user ubuntu.
         Starting Hold until boot process finishes up...
         Starting Terminate Plymouth Boot Screen...
[[0;32m  OK  [0m] Started User Manager for UID 1000.
[[0;32m  OK  [0m] Stopped OpenBSD Secure Shell server.
[[0;32m  OK  [0m] Started Hold until boot process finishes up.
[[0;32m  OK  [0m] Started Terminate Plymouth Boot Screen.
[[0;32m  OK  [0m] Started Serial Getty on ttyS0.
[[0;32m  OK  [0m] Started Getty on tty1.
[[0;32m  OK  [0m] Reached target Login Prompts.
         Starting Set console scheme...
         Starting OpenBSD Secure Shell server...
[[0;32m  OK  [0m] Started OpenBSD Secure Shell server.
[[0;32m  OK  [0m] Started Set console scheme.
[[0;32m  OK  [0m] Reached target Multi-User System.
[[0;32m  OK  [0m] Reached target Graphical Interface.
         Starting Update UTMP about System Runlevel Changes...
[[0;32m  OK  [0m] Started Update UTMP about System Runlevel Changes.
[   36.245827] cloud-init[1131]: Cloud-init v. 0.7.9 running 'modules:config' at Sun, 02 Apr 2017 19:32:50 +0000. Up 33.82 seconds.
[[0;32m  OK  [0m] Started Apply the settings specified in cloud-config.
         Starting Execute cloud user/final scripts...
ci-info: no authorized ssh keys fingerprints found for user ubuntu.
<14>Apr  2 19:32:53 ec2: 
<14>Apr  2 19:32:53 ec2: #############################################################
<14>Apr  2 19:32:53 ec2: -----BEGIN SSH HOST KEY FINGERPRINTS-----
<14>Apr  2 19:32:53 ec2: 1024 SHA256:wA64UTZW5m+TlyBy+gk0gbGTCXFsuBLCGvrh5vdJO20 root@ubuntu-xenial (DSA)
<14>Apr  2 19:32:53 ec2: 256 SHA256:pglV+evQLjKie6Ds2UqojbKoZQviQpECuIohC8lsnX0 root@ubuntu-xenial (ECDSA)
<14>Apr  2 19:32:53 ec2: 256 SHA256:ItRDcOp6BeSr0VxL6kjcA2bIlBMo++owo9s+F+jDLt4 root@ubuntu-xenial (ED25519)
<14>Apr  2 19:32:53 ec2: 2048 SHA256:mxUjHKdaF91DOL6RJKX6XO9lpHBWei9QWMx1IySm+7k root@ubuntu-xenial (RSA)
<14>Apr  2 19:32:53 ec2: -----END SSH HOST KEY FINGERPRINTS-----
<14>Apr  2 19:32:53 ec2: #############################################################
-----BEGIN SSH HOST KEY KEYS-----
ecdsa-sha2-nistp256 AAAAE2VjZHNhLXNoYTItbmlzdHAyNTYAAAAIbmlzdHAyNTYAAABBBNG6LPWaKqpEU7oEo5HALm4jbvx/AUf9i3kOyLdq3bFRyDgb7uvcr0kz7TD6lIZQ4Hyf9GVpl84pb+mWezvdwOI= root@ubuntu-xenial
ssh-ed25519 AAAAC3NzaC1lZDI1NTE5AAAAIHrEeBFIPAQHpbg9OQOc0uFuivCTFMo+JjrcvKYFeH+H root@ubuntu-xenial
ssh-rsa AAAAB3NzaC1yc2EAAAADAQABAAABAQDQo6EiBH+NCpfcg0YBE3jMIaBAWqrrvrIZK718G1QgH9nalaeX5XsF1iQatUFSepp3S+jFcnv4qr5zpfkWfm0geiWYKLzH3Sa4k7ea972XyAEoRgRjNyK0PUp5GiefHxmSWj5Xkre5B79FQSRZ6m5/+y8idQZ8oIt4IF2BG3qg/rjbAuDSDtb6RGE2bF0OnwxeFbmuZB31YAaUFRWqKQ2HjDGXqIsF2BkS2SfONVI1W9KbPXwjXnKsgpPG4cS3YhkRSQn8K2DVEj3FBmAejbq6Sk/irDokdhqu7mnlthlM2+Na2Ot3rHeHVkrfDI7Itdg6/Mo6nG7PLw9qjBwLvJB9 root@ubuntu-xenial
-----END SSH HOST KEY KEYS-----
[[0;32m  OK  [0m] Started Session 2 of user ubuntu.
[   37.941418] cloud-init[1361]: Cloud-init v. 0.7.9 running 'modules:final' at Sun, 02 Apr 2017 19:32:53 +0000. Up 36.79 seconds.
[   38.096636] cloud-init[1361]: ci-info: no authorized ssh keys fingerprints found for user ubuntu.
[   38.097103] cloud-init[1361]: Cloud-init v. 0.7.9 finished at Sun, 02 Apr 2017 19:32:54 +0000. Datasource DataSourceNoCloud [seed=/dev/sdb][dsmode=net].  Up 37.93 seconds
[[0;32m  OK  [0m] Started Execute cloud user/final scripts.
[[0;32m  OK  [0m] Reached target Cloud-init target.

Ubuntu 16.04.2 LTS ubuntu-xenial ttyS0

ubuntu-xenial login: 